This is pdfTeX, Version 3.141592653-2.6-1.40.22 (TeX Live 2021) (preloaded format=pdflatex 2022.2.23)  24 JUN 2024 14:41
entering extended mode
 restricted \write18 enabled.
 %&-line parsing enabled.
**main.tex
(./main.tex
LaTeX2e <2020-10-01> patch level 4
L3 programming layer <2021-02-18>
(/usr/local/texlive/2021/texmf-dist/tex/latex/base/article.cls
Document Class: article 2020/04/10 v1.4m Standard LaTeX document class
(/usr/local/texlive/2021/texmf-dist/tex/latex/base/size12.clo
File: size12.clo 2020/04/10 v1.4m Standard LaTeX file (size option)
)
\c@part=\count179
\c@section=\count180
\c@subsection=\count181
\c@subsubsection=\count182
\c@paragraph=\count183
\c@subparagraph=\count184
\c@figure=\count185
\c@table=\count186
\abovecaptionskip=\skip47
\belowcaptionskip=\skip48
\bibindent=\dimen138
)
(./settings/preambule.tex (./settings/packages.tex
(/usr/local/texlive/2021/texmf-dist/tex/latex/base/fontenc.sty
Package: fontenc 2020/08/10 v2.0s Standard LaTeX package

(/usr/local/texlive/2021/texmf-dist/tex/latex/cyrillic/t2aenc.def
File: t2aenc.def 2005/09/27 v1.0i Cyrillic encoding definition file
Now handling font encoding T2A ...
... processing UTF-8 mapping file for font encoding T2A

(/usr/local/texlive/2021/texmf-dist/tex/latex/base/t2aenc.dfu
File: t2aenc.dfu 2019/11/14 v1.2k UTF-8 support for inputenc
   defining Unicode char U+00A4 (decimal 164)
   defining Unicode char U+00A7 (decimal 167)
   defining Unicode char U+00AB (decimal 171)
   defining Unicode char U+00BB (decimal 187)
   defining Unicode char U+0131 (decimal 305)
   defining Unicode char U+0237 (decimal 567)
   defining Unicode char U+0400 (decimal 1024)
   defining Unicode char U+0401 (decimal 1025)
   defining Unicode char U+0402 (decimal 1026)
   defining Unicode char U+0403 (decimal 1027)
   defining Unicode char U+0404 (decimal 1028)
   defining Unicode char U+0405 (decimal 1029)
   defining Unicode char U+0406 (decimal 1030)
   defining Unicode char U+0407 (decimal 1031)
   defining Unicode char U+0408 (decimal 1032)
   defining Unicode char U+0409 (decimal 1033)
   defining Unicode char U+040A (decimal 1034)
   defining Unicode char U+040B (decimal 1035)
   defining Unicode char U+040C (decimal 1036)
   defining Unicode char U+040D (decimal 1037)
   defining Unicode char U+040E (decimal 1038)
   defining Unicode char U+040F (decimal 1039)
   defining Unicode char U+0410 (decimal 1040)
   defining Unicode char U+0411 (decimal 1041)
   defining Unicode char U+0412 (decimal 1042)
   defining Unicode char U+0413 (decimal 1043)
   defining Unicode char U+0414 (decimal 1044)
   defining Unicode char U+0415 (decimal 1045)
   defining Unicode char U+0416 (decimal 1046)
   defining Unicode char U+0417 (decimal 1047)
   defining Unicode char U+0418 (decimal 1048)
   defining Unicode char U+0419 (decimal 1049)
   defining Unicode char U+041A (decimal 1050)
   defining Unicode char U+041B (decimal 1051)
   defining Unicode char U+041C (decimal 1052)
   defining Unicode char U+041D (decimal 1053)
   defining Unicode char U+041E (decimal 1054)
   defining Unicode char U+041F (decimal 1055)
   defining Unicode char U+0420 (decimal 1056)
   defining Unicode char U+0421 (decimal 1057)
   defining Unicode char U+0422 (decimal 1058)
   defining Unicode char U+0423 (decimal 1059)
   defining Unicode char U+0424 (decimal 1060)
   defining Unicode char U+0425 (decimal 1061)
   defining Unicode char U+0426 (decimal 1062)
   defining Unicode char U+0427 (decimal 1063)
   defining Unicode char U+0428 (decimal 1064)
   defining Unicode char U+0429 (decimal 1065)
   defining Unicode char U+042A (decimal 1066)
   defining Unicode char U+042B (decimal 1067)
   defining Unicode char U+042C (decimal 1068)
   defining Unicode char U+042D (decimal 1069)
   defining Unicode char U+042E (decimal 1070)
   defining Unicode char U+042F (decimal 1071)
   defining Unicode char U+0430 (decimal 1072)
   defining Unicode char U+0431 (decimal 1073)
   defining Unicode char U+0432 (decimal 1074)
   defining Unicode char U+0433 (decimal 1075)
   defining Unicode char U+0434 (decimal 1076)
   defining Unicode char U+0435 (decimal 1077)
   defining Unicode char U+0436 (decimal 1078)
   defining Unicode char U+0437 (decimal 1079)
   defining Unicode char U+0438 (decimal 1080)
   defining Unicode char U+0439 (decimal 1081)
   defining Unicode char U+043A (decimal 1082)
   defining Unicode char U+043B (decimal 1083)
   defining Unicode char U+043C (decimal 1084)
   defining Unicode char U+043D (decimal 1085)
   defining Unicode char U+043E (decimal 1086)
   defining Unicode char U+043F (decimal 1087)
   defining Unicode char U+0440 (decimal 1088)
   defining Unicode char U+0441 (decimal 1089)
   defining Unicode char U+0442 (decimal 1090)
   defining Unicode char U+0443 (decimal 1091)
   defining Unicode char U+0444 (decimal 1092)
   defining Unicode char U+0445 (decimal 1093)
   defining Unicode char U+0446 (decimal 1094)
   defining Unicode char U+0447 (decimal 1095)
   defining Unicode char U+0448 (decimal 1096)
   defining Unicode char U+0449 (decimal 1097)
   defining Unicode char U+044A (decimal 1098)
   defining Unicode char U+044B (decimal 1099)
   defining Unicode char U+044C (decimal 1100)
   defining Unicode char U+044D (decimal 1101)
   defining Unicode char U+044E (decimal 1102)
   defining Unicode char U+044F (decimal 1103)
   defining Unicode char U+0450 (decimal 1104)
   defining Unicode char U+0451 (decimal 1105)
   defining Unicode char U+0452 (decimal 1106)
   defining Unicode char U+0453 (decimal 1107)
   defining Unicode char U+0454 (decimal 1108)
   defining Unicode char U+0455 (decimal 1109)
   defining Unicode char U+0456 (decimal 1110)
   defining Unicode char U+0457 (decimal 1111)
   defining Unicode char U+0458 (decimal 1112)
   defining Unicode char U+0459 (decimal 1113)
   defining Unicode char U+045A (decimal 1114)
   defining Unicode char U+045B (decimal 1115)
   defining Unicode char U+045C (decimal 1116)
   defining Unicode char U+045D (decimal 1117)
   defining Unicode char U+045E (decimal 1118)
   defining Unicode char U+045F (decimal 1119)
   defining Unicode char U+0490 (decimal 1168)
   defining Unicode char U+0491 (decimal 1169)
   defining Unicode char U+0492 (decimal 1170)
   defining Unicode char U+0493 (decimal 1171)
   defining Unicode char U+0496 (decimal 1174)
   defining Unicode char U+0497 (decimal 1175)
   defining Unicode char U+0498 (decimal 1176)
   defining Unicode char U+0499 (decimal 1177)
   defining Unicode char U+049A (decimal 1178)
   defining Unicode char U+049B (decimal 1179)
   defining Unicode char U+049C (decimal 1180)
   defining Unicode char U+049D (decimal 1181)
   defining Unicode char U+04A0 (decimal 1184)
   defining Unicode char U+04A1 (decimal 1185)
   defining Unicode char U+04A2 (decimal 1186)
   defining Unicode char U+04A3 (decimal 1187)
   defining Unicode char U+04A4 (decimal 1188)
   defining Unicode char U+04A5 (decimal 1189)
   defining Unicode char U+04AA (decimal 1194)
   defining Unicode char U+04AB (decimal 1195)
   defining Unicode char U+04AE (decimal 1198)
   defining Unicode char U+04AF (decimal 1199)
   defining Unicode char U+04B0 (decimal 1200)
   defining Unicode char U+04B1 (decimal 1201)
   defining Unicode char U+04B2 (decimal 1202)
   defining Unicode char U+04B3 (decimal 1203)
   defining Unicode char U+04B6 (decimal 1206)
   defining Unicode char U+04B7 (decimal 1207)
   defining Unicode char U+04B8 (decimal 1208)
   defining Unicode char U+04B9 (decimal 1209)
   defining Unicode char U+04BA (decimal 1210)
   defining Unicode char U+04BB (decimal 1211)
   defining Unicode char U+04C0 (decimal 1216)
   defining Unicode char U+04C1 (decimal 1217)
   defining Unicode char U+04C2 (decimal 1218)
   defining Unicode char U+04D0 (decimal 1232)
   defining Unicode char U+04D1 (decimal 1233)
   defining Unicode char U+04D2 (decimal 1234)
   defining Unicode char U+04D3 (decimal 1235)
   defining Unicode char U+04D4 (decimal 1236)
   defining Unicode char U+04D5 (decimal 1237)
   defining Unicode char U+04D6 (decimal 1238)
   defining Unicode char U+04D7 (decimal 1239)
   defining Unicode char U+04D8 (decimal 1240)
   defining Unicode char U+04D9 (decimal 1241)
   defining Unicode char U+04DA (decimal 1242)
   defining Unicode char U+04DB (decimal 1243)
   defining Unicode char U+04DC (decimal 1244)
   defining Unicode char U+04DD (decimal 1245)
   defining Unicode char U+04DE (decimal 1246)
   defining Unicode char U+04DF (decimal 1247)
   defining Unicode char U+04E2 (decimal 1250)
   defining Unicode char U+04E3 (decimal 1251)
   defining Unicode char U+04E4 (decimal 1252)
   defining Unicode char U+04E5 (decimal 1253)
   defining Unicode char U+04E6 (decimal 1254)
   defining Unicode char U+04E7 (decimal 1255)
   defining Unicode char U+04E8 (decimal 1256)
   defining Unicode char U+04E9 (decimal 1257)
   defining Unicode char U+04EC (decimal 1260)
   defining Unicode char U+04ED (decimal 1261)
   defining Unicode char U+04EE (decimal 1262)
   defining Unicode char U+04EF (decimal 1263)
   defining Unicode char U+04F0 (decimal 1264)
   defining Unicode char U+04F1 (decimal 1265)
   defining Unicode char U+04F2 (decimal 1266)
   defining Unicode char U+04F3 (decimal 1267)
   defining Unicode char U+04F4 (decimal 1268)
   defining Unicode char U+04F5 (decimal 1269)
   defining Unicode char U+04F8 (decimal 1272)
   defining Unicode char U+04F9 (decimal 1273)
   defining Unicode char U+200C (decimal 8204)
   defining Unicode char U+2013 (decimal 8211)
   defining Unicode char U+2014 (decimal 8212)
   defining Unicode char U+2018 (decimal 8216)
   defining Unicode char U+2019 (decimal 8217)
   defining Unicode char U+201C (decimal 8220)
   defining Unicode char U+201D (decimal 8221)
   defining Unicode char U+201E (decimal 8222)
   defining Unicode char U+2030 (decimal 8240)
   defining Unicode char U+2031 (decimal 8241)
   defining Unicode char U+2116 (decimal 8470)
   defining Unicode char U+2329 (decimal 9001)
   defining Unicode char U+232A (decimal 9002)
   defining Unicode char U+2423 (decimal 9251)
   defining Unicode char U+27E8 (decimal 10216)
   defining Unicode char U+27E9 (decimal 10217)
   defining Unicode char U+FB00 (decimal 64256)
   defining Unicode char U+FB01 (decimal 64257)
   defining Unicode char U+FB02 (decimal 64258)
   defining Unicode char U+FB03 (decimal 64259)
   defining Unicode char U+FB04 (decimal 64260)
   defining Unicode char U+FB05 (decimal 64261)
   defining Unicode char U+FB06 (decimal 64262)
))
LaTeX Font Info:    Trying to load font information for T2A+cmr on input line 1
12.

(/usr/local/texlive/2021/texmf-dist/tex/latex/cyrillic/t2acmr.fd
File: t2acmr.fd 2001/08/11 v1.0a Computer Modern Cyrillic font definitions
))
(/usr/local/texlive/2021/texmf-dist/tex/latex/base/inputenc.sty
Package: inputenc 2020/08/01 v1.3d Input encoding file
\inpenc@prehook=\toks15
\inpenc@posthook=\toks16
)
(/usr/local/texlive/2021/texmf-dist/tex/generic/babel/babel.sty
Package: babel 2021/03/24 3.56 The Babel package

(/usr/local/texlive/2021/texmf-dist/tex/generic/babel/babel.def
File: babel.def 2021/03/24 3.56 Babel common definitions
\babel@savecnt=\count187
\U@D=\dimen139
\l@babelnohyphens=\language87

(/usr/local/texlive/2021/texmf-dist/tex/generic/babel/txtbabel.def)
\bbl@readstream=\read2
)
\bbl@dirlevel=\count188

(/usr/local/texlive/2021/texmf-dist/tex/generic/babel-english/english.ldf
Language: english 2017/06/06 v3.3r English support from the babel system
Package babel Info: \l@canadian = using hyphenrules for english
(babel)             (\language0) on input line 102.
Package babel Info: \l@australian = using hyphenrules for ukenglish
(babel)             (\language21) on input line 105.
Package babel Info: \l@newzealand = using hyphenrules for ukenglish
(babel)             (\language21) on input line 108.
)
(/usr/local/texlive/2021/texmf-dist/tex/generic/babel-russian/russianb.ldf
File: russianb.ldf 2021/01/10 1.3m Russian support for the Babel system
Language: russian 2020/09/09 1.3k Russian support for the Babel system
Package babel Info: Making " an active character on input line 124.
Package babel Info: Default for \cyrdash is provided on input line 163.
))
(/usr/local/texlive/2021/texmf-dist/tex/latex/geometry/geometry.sty
Package: geometry 2020/01/02 v5.9 Page Geometry

(/usr/local/texlive/2021/texmf-dist/tex/latex/graphics/keyval.sty
Package: keyval 2014/10/28 v1.15 key=value parser (DPC)
\KV@toks@=\toks17
)
(/usr/local/texlive/2021/texmf-dist/tex/generic/iftex/ifvtex.sty
Package: ifvtex 2019/10/25 v1.7 ifvtex legacy package. Use iftex instead.

(/usr/local/texlive/2021/texmf-dist/tex/generic/iftex/iftex.sty
Package: iftex 2020/03/06 v1.0d TeX engine tests
))
\Gm@cnth=\count189
\Gm@cntv=\count190
\c@Gm@tempcnt=\count191
\Gm@bindingoffset=\dimen140
\Gm@wd@mp=\dimen141
\Gm@odd@mp=\dimen142
\Gm@even@mp=\dimen143
\Gm@layoutwidth=\dimen144
\Gm@layoutheight=\dimen145
\Gm@layouthoffset=\dimen146
\Gm@layoutvoffset=\dimen147
\Gm@dimlist=\toks18
)
(/usr/local/texlive/2021/texmf-dist/tex/latex/hyperref/hyperref.sty
Package: hyperref 2021-02-27 v7.00k Hypertext links for LaTeX

(/usr/local/texlive/2021/texmf-dist/tex/generic/ltxcmds/ltxcmds.sty
Package: ltxcmds 2020-05-10 v1.25 LaTeX kernel commands for general use (HO)
)
(/usr/local/texlive/2021/texmf-dist/tex/generic/pdftexcmds/pdftexcmds.sty
Package: pdftexcmds 2020-06-27 v0.33 Utility functions of pdfTeX for LuaTeX (HO
)

(/usr/local/texlive/2021/texmf-dist/tex/generic/infwarerr/infwarerr.sty
Package: infwarerr 2019/12/03 v1.5 Providing info/warning/error messages (HO)
)
Package pdftexcmds Info: \pdf@primitive is available.
Package pdftexcmds Info: \pdf@ifprimitive is available.
Package pdftexcmds Info: \pdfdraftmode found.
)
(/usr/local/texlive/2021/texmf-dist/tex/generic/kvsetkeys/kvsetkeys.sty
Package: kvsetkeys 2019/12/15 v1.18 Key value parser (HO)
)
(/usr/local/texlive/2021/texmf-dist/tex/generic/kvdefinekeys/kvdefinekeys.sty
Package: kvdefinekeys 2019-12-19 v1.6 Define keys (HO)
)
(/usr/local/texlive/2021/texmf-dist/tex/generic/pdfescape/pdfescape.sty
Package: pdfescape 2019/12/09 v1.15 Implements pdfTeX's escape features (HO)
)
(/usr/local/texlive/2021/texmf-dist/tex/latex/hycolor/hycolor.sty
Package: hycolor 2020-01-27 v1.10 Color options for hyperref/bookmark (HO)
)
(/usr/local/texlive/2021/texmf-dist/tex/latex/letltxmacro/letltxmacro.sty
Package: letltxmacro 2019/12/03 v1.6 Let assignment for LaTeX macros (HO)
)
(/usr/local/texlive/2021/texmf-dist/tex/latex/auxhook/auxhook.sty
Package: auxhook 2019-12-17 v1.6 Hooks for auxiliary files (HO)
)
(/usr/local/texlive/2021/texmf-dist/tex/latex/kvoptions/kvoptions.sty
Package: kvoptions 2020-10-07 v3.14 Key value format for package options (HO)
)
\@linkdim=\dimen148
\Hy@linkcounter=\count192
\Hy@pagecounter=\count193

(/usr/local/texlive/2021/texmf-dist/tex/latex/hyperref/pd1enc.def
File: pd1enc.def 2021-02-27 v7.00k Hyperref: PDFDocEncoding definition (HO)
Now handling font encoding PD1 ...
... no UTF-8 mapping file for font encoding PD1
)
(/usr/local/texlive/2021/texmf-dist/tex/latex/hyperref/hyperref-langpatches.def
File: hyperref-langpatches.def 2021-02-27 v7.00k Hyperref: patches for babel la
nguages
) (/usr/local/texlive/2021/texmf-dist/tex/generic/intcalc/intcalc.sty
Package: intcalc 2019/12/15 v1.3 Expandable calculations with integers (HO)
)
(/usr/local/texlive/2021/texmf-dist/tex/generic/etexcmds/etexcmds.sty
Package: etexcmds 2019/12/15 v1.7 Avoid name clashes with e-TeX commands (HO)
)
\Hy@SavedSpaceFactor=\count194

(/usr/local/texlive/2021/texmf-dist/tex/latex/hyperref/puenc.def
File: puenc.def 2021-02-27 v7.00k Hyperref: PDF Unicode definition (HO)
Now handling font encoding PU ...
... no UTF-8 mapping file for font encoding PU
)
Package hyperref Info: Option `unicode' set `true' on input line 3167.
Package hyperref Info: Option `unicode' set `true' on input line 4073.
Package hyperref Info: Hyper figures OFF on input line 4192.
Package hyperref Info: Link nesting OFF on input line 4197.
Package hyperref Info: Hyper index ON on input line 4200.
Package hyperref Info: Plain pages OFF on input line 4207.
Package hyperref Info: Backreferencing OFF on input line 4212.
Package hyperref Info: Implicit mode ON; LaTeX internals redefined.
Package hyperref Info: Bookmarks ON on input line 4445.
\c@Hy@tempcnt=\count195

(/usr/local/texlive/2021/texmf-dist/tex/latex/url/url.sty
\Urlmuskip=\muskip16
Package: url 2013/09/16  ver 3.4  Verb mode for urls, etc.
)
LaTeX Info: Redefining \url on input line 4804.
\XeTeXLinkMargin=\dimen149

(/usr/local/texlive/2021/texmf-dist/tex/generic/bitset/bitset.sty
Package: bitset 2019/12/09 v1.3 Handle bit-vector datatype (HO)

(/usr/local/texlive/2021/texmf-dist/tex/generic/bigintcalc/bigintcalc.sty
Package: bigintcalc 2019/12/15 v1.5 Expandable calculations on big integers (HO
)
))
\Fld@menulength=\count196
\Field@Width=\dimen150
\Fld@charsize=\dimen151
Package hyperref Info: Hyper figures OFF on input line 6075.
Package hyperref Info: Link nesting OFF on input line 6080.
Package hyperref Info: Hyper index ON on input line 6083.
Package hyperref Info: backreferencing OFF on input line 6090.
Package hyperref Info: Link coloring OFF on input line 6095.
Package hyperref Info: Link coloring with OCG OFF on input line 6100.
Package hyperref Info: PDF/A mode OFF on input line 6105.
LaTeX Info: Redefining \ref on input line 6145.
LaTeX Info: Redefining \pageref on input line 6149.

(/usr/local/texlive/2021/texmf-dist/tex/latex/base/atbegshi-ltx.sty
Package: atbegshi-ltx 2020/08/17 v1.0a Emulation of the original atbegshi packa
ge
with kernel methods
)
\Hy@abspage=\count197
\c@Item=\count198
\c@Hfootnote=\count199
)
Package hyperref Info: Driver: hpdftex.

(/usr/local/texlive/2021/texmf-dist/tex/latex/hyperref/hpdftex.def
File: hpdftex.def 2021-02-27 v7.00k Hyperref driver for pdfTeX

(/usr/local/texlive/2021/texmf-dist/tex/latex/base/atveryend-ltx.sty
Package: atveryend-ltx 2020/08/19 v1.0a Emulation of the original atvery packag
e
with kernel methods
)
\Fld@listcount=\count266
\c@bookmark@seq@number=\count267

(/usr/local/texlive/2021/texmf-dist/tex/latex/rerunfilecheck/rerunfilecheck.sty
Package: rerunfilecheck 2019/12/05 v1.9 Rerun checks for auxiliary files (HO)

(/usr/local/texlive/2021/texmf-dist/tex/generic/uniquecounter/uniquecounter.sty
Package: uniquecounter 2019/12/15 v1.4 Provide unlimited unique counter (HO)
)
Package uniquecounter Info: New unique counter `rerunfilecheck' on input line 2
86.
)
\Hy@SectionHShift=\skip49
)
Package hyperref Info: Option `colorlinks' set `true' on input line 13.
 (/usr/local/texlive/2021/texmf-dist/tex/latex/biblatex/biblatex.sty
Package: biblatex 2020/12/31 v3.16 programmable bibliographies (PK/MW)

(/usr/local/texlive/2021/texmf-dist/tex/latex/etoolbox/etoolbox.sty
Package: etoolbox 2020/10/05 v2.5k e-TeX tools for LaTeX (JAW)
\etb@tempcnta=\count268
)
(/usr/local/texlive/2021/texmf-dist/tex/latex/logreq/logreq.sty
Package: logreq 2010/08/04 v1.0 xml request logger
\lrq@indent=\count269

(/usr/local/texlive/2021/texmf-dist/tex/latex/logreq/logreq.def
File: logreq.def 2010/08/04 v1.0 logreq spec v1.0
))
(/usr/local/texlive/2021/texmf-dist/tex/latex/base/ifthen.sty
Package: ifthen 2014/09/29 v1.1c Standard LaTeX ifthen package (DPC)
)
\c@tabx@nest=\count270
\c@listtotal=\count271
\c@listcount=\count272
\c@liststart=\count273
\c@liststop=\count274
\c@citecount=\count275
\c@citetotal=\count276
\c@multicitecount=\count277
\c@multicitetotal=\count278
\c@instcount=\count279
\c@maxnames=\count280
\c@minnames=\count281
\c@maxitems=\count282
\c@minitems=\count283
\c@citecounter=\count284
\c@maxcitecounter=\count285
\c@savedcitecounter=\count286
\c@uniquelist=\count287
\c@uniquename=\count288
\c@refsection=\count289
\c@refsegment=\count290
\c@maxextratitle=\count291
\c@maxextratitleyear=\count292
\c@maxextraname=\count293
\c@maxextradate=\count294
\c@maxextraalpha=\count295
\c@abbrvpenalty=\count296
\c@highnamepenalty=\count297
\c@lownamepenalty=\count298
\c@maxparens=\count299
\c@parenlevel=\count300
\blx@tempcnta=\count301
\blx@tempcntb=\count302
\blx@tempcntc=\count303
\blx@maxsection=\count304
\blx@maxsegment@0=\count305
\blx@notetype=\count306
\blx@parenlevel@text=\count307
\blx@parenlevel@foot=\count308
\blx@sectionciteorder@0=\count309
\blx@entrysetcounter=\count310
\blx@biblioinstance=\count311
\labelnumberwidth=\skip50
\labelalphawidth=\skip51
\biblabelsep=\skip52
\bibitemsep=\skip53
\bibnamesep=\skip54
\bibinitsep=\skip55
\bibparsep=\skip56
\bibhang=\skip57
\blx@bcfin=\read3
\blx@bcfout=\write3
\blx@langwohyphens=\language88
\c@mincomprange=\count312
\c@maxcomprange=\count313
\c@mincompwidth=\count314
Package biblatex Info: Trying to load biblatex default data model...
Package biblatex Info: ... file 'blx-dm.def' found.

(/usr/local/texlive/2021/texmf-dist/tex/latex/biblatex/blx-dm.def
File: blx-dm.def 2020/12/31 v3.16 biblatex localization (PK/MW)
)
Package biblatex Info: Trying to load biblatex style data model...
Package biblatex Info: ... file 'phys.dbx' found.

(/usr/local/texlive/2021/texmf-dist/tex/latex/biblatex-phys/phys.dbx
File: phys.dbx 2019/12/03 v1.1b biblatex database model extension
)
Package biblatex Info: Trying to load biblatex custom data model...
Package biblatex Info: ... file 'biblatex-dm.cfg' not found.
\c@afterword=\count315
\c@savedafterword=\count316
\c@annotator=\count317
\c@savedannotator=\count318
\c@author=\count319
\c@savedauthor=\count320
\c@bookauthor=\count321
\c@savedbookauthor=\count322
\c@commentator=\count323
\c@savedcommentator=\count324
\c@editor=\count325
\c@savededitor=\count326
\c@editora=\count327
\c@savededitora=\count328
\c@editorb=\count329
\c@savededitorb=\count330
\c@editorc=\count331
\c@savededitorc=\count332
\c@foreword=\count333
\c@savedforeword=\count334
\c@holder=\count335
\c@savedholder=\count336
\c@introduction=\count337
\c@savedintroduction=\count338
\c@namea=\count339
\c@savednamea=\count340
\c@nameb=\count341
\c@savednameb=\count342
\c@namec=\count343
\c@savednamec=\count344
\c@translator=\count345
\c@savedtranslator=\count346
\c@shortauthor=\count347
\c@savedshortauthor=\count348
\c@shorteditor=\count349
\c@savedshorteditor=\count350
\c@labelname=\count351
\c@savedlabelname=\count352
\c@institution=\count353
\c@savedinstitution=\count354
\c@lista=\count355
\c@savedlista=\count356
\c@listb=\count357
\c@savedlistb=\count358
\c@listc=\count359
\c@savedlistc=\count360
\c@listd=\count361
\c@savedlistd=\count362
\c@liste=\count363
\c@savedliste=\count364
\c@listf=\count365
\c@savedlistf=\count366
\c@location=\count367
\c@savedlocation=\count368
\c@organization=\count369
\c@savedorganization=\count370
\c@origlocation=\count371
\c@savedoriglocation=\count372
\c@origpublisher=\count373
\c@savedorigpublisher=\count374
\c@publisher=\count375
\c@savedpublisher=\count376
\c@language=\count377
\c@savedlanguage=\count378
\c@origlanguage=\count379
\c@savedoriglanguage=\count380
\c@pageref=\count381
\c@savedpageref=\count382
\shorthandwidth=\skip58
\shortjournalwidth=\skip59
\shortserieswidth=\skip60
\shorttitlewidth=\skip61
\shortauthorwidth=\skip62
\shorteditorwidth=\skip63
\locallabelnumberwidth=\skip64
\locallabelalphawidth=\skip65
\localshorthandwidth=\skip66
\localshortjournalwidth=\skip67
\localshortserieswidth=\skip68
\localshorttitlewidth=\skip69
\localshortauthorwidth=\skip70
\localshorteditorwidth=\skip71
Package biblatex Info: Trying to load compatibility code...
Package biblatex Info: ... file 'blx-compat.def' found.

(/usr/local/texlive/2021/texmf-dist/tex/latex/biblatex/blx-compat.def
File: blx-compat.def 2020/12/31 v3.16 biblatex compatibility (PK/MW)
)
Package biblatex Info: Trying to load generic definitions...
Package biblatex Info: ... file 'biblatex.def' found.

(/usr/local/texlive/2021/texmf-dist/tex/latex/biblatex/biblatex.def
File: biblatex.def 2020/12/31 v3.16 biblatex compatibility (PK/MW)
\c@textcitecount=\count383
\c@textcitetotal=\count384
\c@textcitemaxnames=\count385
\c@biburlbigbreakpenalty=\count386
\c@biburlbreakpenalty=\count387
\c@biburlnumpenalty=\count388
\c@biburlucpenalty=\count389
\c@biburllcpenalty=\count390
\biburlbigskip=\muskip17
\biburlnumskip=\muskip18
\biburlucskip=\muskip19
\biburllcskip=\muskip20
\c@smartand=\count391
)
Package biblatex Info: Trying to load bibliography style 'phys'...
Package biblatex Info: ... file 'phys.bbx' found.

(/usr/local/texlive/2021/texmf-dist/tex/latex/biblatex-phys/phys.bbx
File: phys.bbx 2019/12/03 v1.1b biblatex bibliography style
Package biblatex Info: Trying to load bibliography style 'numeric-comp'...
Package biblatex Info: ... file 'numeric-comp.bbx' found.

(/usr/local/texlive/2021/texmf-dist/tex/latex/biblatex/bbx/numeric-comp.bbx
File: numeric-comp.bbx 2020/12/31 v3.16 biblatex bibliography style (PK/MW)
Package biblatex Info: Trying to load bibliography style 'numeric'...
Package biblatex Info: ... file 'numeric.bbx' found.

(/usr/local/texlive/2021/texmf-dist/tex/latex/biblatex/bbx/numeric.bbx
File: numeric.bbx 2020/12/31 v3.16 biblatex bibliography style (PK/MW)
Package biblatex Info: Trying to load bibliography style 'standard'...
Package biblatex Info: ... file 'standard.bbx' found.

(/usr/local/texlive/2021/texmf-dist/tex/latex/biblatex/bbx/standard.bbx
File: standard.bbx 2020/12/31 v3.16 biblatex bibliography style (PK/MW)
\c@bbx:relatedcount=\count392
\c@bbx:relatedtotal=\count393
))))
Package biblatex Info: Trying to load citation style 'phys'...
Package biblatex Info: ... file 'phys.cbx' found.

(/usr/local/texlive/2021/texmf-dist/tex/latex/biblatex-phys/phys.cbx
File: phys.cbx 2019/12/03 v1.1b biblatex citation style
Package biblatex Info: Trying to load citation style 'numeric-comp'...
Package biblatex Info: ... file 'numeric-comp.cbx' found.

(/usr/local/texlive/2021/texmf-dist/tex/latex/biblatex/cbx/numeric-comp.cbx
File: numeric-comp.cbx 2020/12/31 v3.16 biblatex citation style (PK/MW)
\c@cbx@tempcnta=\count394
\c@cbx@tempcntb=\count395
\c@cbx@tempcntc=\count396
\c@cbx@tempcntd=\count397
Package biblatex Info: Redefining '\cite'.
Package biblatex Info: Redefining '\parencite'.
Package biblatex Info: Redefining '\footcite'.
Package biblatex Info: Redefining '\footcitetext'.
Package biblatex Info: Redefining '\smartcite'.
Package biblatex Info: Redefining '\supercite'.
Package biblatex Info: Redefining '\textcite'.
Package biblatex Info: Redefining '\textcites'.
Package biblatex Info: Redefining '\cites'.
Package biblatex Info: Redefining '\parencites'.
Package biblatex Info: Redefining '\smartcites'.
))
Package biblatex Info: Trying to load configuration file...
Package biblatex Info: ... file 'biblatex.cfg' found.

(/usr/local/texlive/2021/texmf-dist/tex/latex/biblatex/biblatex.cfg
File: biblatex.cfg 
))
(/usr/local/texlive/2021/texmf-dist/tex/latex/csquotes/csquotes.sty
Package: csquotes 2021-02-22 v5.2l context-sensitive quotations (JAW)
\csq@reset=\count398
\csq@gtype=\count399
\csq@glevel=\count400
\csq@qlevel=\count401
\csq@maxlvl=\count402
\csq@tshold=\count403
\csq@ltx@everypar=\toks19

(/usr/local/texlive/2021/texmf-dist/tex/latex/csquotes/csquotes.def
File: csquotes.def 2021-02-22 v5.2l csquotes generic definitions (JAW)
)
Package csquotes Info: Trying to load configuration file 'csquotes.cfg'...
Package csquotes Info: ... configuration file loaded successfully.

(/usr/local/texlive/2021/texmf-dist/tex/latex/csquotes/csquotes.cfg
File: csquotes.cfg 
))
(/usr/local/texlive/2021/texmf-dist/tex/latex/tools/array.sty
Package: array 2020/10/01 v2.5c Tabular extension package (FMi)
\col@sep=\dimen152
\ar@mcellbox=\box47
\extrarowheight=\dimen153
\NC@list=\toks20
\extratabsurround=\skip72
\backup@length=\skip73
\ar@cellbox=\box48
)
(/usr/local/texlive/2021/texmf-dist/tex/latex/pdfpages/pdfpages.sty
Package: pdfpages 2021/03/06 v0.5t Insert pages of external PDF documents (AM)

(/usr/local/texlive/2021/texmf-dist/tex/latex/tools/calc.sty
Package: calc 2017/05/25 v4.3 Infix arithmetic (KKT,FJ)
\calc@Acount=\count404
\calc@Bcount=\count405
\calc@Adimen=\dimen154
\calc@Bdimen=\dimen155
\calc@Askip=\skip74
\calc@Bskip=\skip75
LaTeX Info: Redefining \setlength on input line 80.
LaTeX Info: Redefining \addtolength on input line 81.
\calc@Ccount=\count406
\calc@Cskip=\skip76
)
(/usr/local/texlive/2021/texmf-dist/tex/latex/eso-pic/eso-pic.sty
Package: eso-pic 2020/10/14 v3.0a eso-pic (RN)
\ESO@tempdima=\dimen156
\ESO@tempdimb=\dimen157

(/usr/local/texlive/2021/texmf-dist/tex/latex/xcolor/xcolor.sty
Package: xcolor 2016/05/11 v2.12 LaTeX color extensions (UK)

(/usr/local/texlive/2021/texmf-dist/tex/latex/graphics-cfg/color.cfg
File: color.cfg 2016/01/02 v1.6 sample color configuration
)
Package xcolor Info: Driver file: pdftex.def on input line 225.

(/usr/local/texlive/2021/texmf-dist/tex/latex/graphics-def/pdftex.def
File: pdftex.def 2020/10/05 v1.2a Graphics/color driver for pdftex
)
Package xcolor Info: Model `cmy' substituted by `cmy0' on input line 1348.
Package xcolor Info: Model `hsb' substituted by `rgb' on input line 1352.
Package xcolor Info: Model `RGB' extended on input line 1364.
Package xcolor Info: Model `HTML' substituted by `rgb' on input line 1366.
Package xcolor Info: Model `Hsb' substituted by `hsb' on input line 1367.
Package xcolor Info: Model `tHsb' substituted by `hsb' on input line 1368.
Package xcolor Info: Model `HSB' substituted by `hsb' on input line 1369.
Package xcolor Info: Model `Gray' substituted by `gray' on input line 1370.
Package xcolor Info: Model `wave' substituted by `hsb' on input line 1371.
))
(/usr/local/texlive/2021/texmf-dist/tex/latex/graphics/graphicx.sty
Package: graphicx 2020/09/09 v1.2b Enhanced LaTeX Graphics (DPC,SPQR)

(/usr/local/texlive/2021/texmf-dist/tex/latex/graphics/graphics.sty
Package: graphics 2020/08/30 v1.4c Standard LaTeX Graphics (DPC,SPQR)

(/usr/local/texlive/2021/texmf-dist/tex/latex/graphics/trig.sty
Package: trig 2016/01/03 v1.10 sin cos tan (DPC)
)
(/usr/local/texlive/2021/texmf-dist/tex/latex/graphics-cfg/graphics.cfg
File: graphics.cfg 2016/06/04 v1.11 sample graphics configuration
)
Package graphics Info: Driver file: pdftex.def on input line 105.
)
\Gin@req@height=\dimen158
\Gin@req@width=\dimen159
)
\AM@pagewidth=\dimen160
\AM@pageheight=\dimen161
\AM@fboxrule=\dimen162

(/usr/local/texlive/2021/texmf-dist/tex/latex/pdfpages/pppdftex.def
File: pppdftex.def 2021/03/06 v0.5t Pdfpages driver for pdfTeX (AM)
)
\pdfpages@includegraphics@status=\count407
\AM@pagebox=\box49
\AM@global@opts=\toks21
\AM@pagecnt=\count408
\AM@toc@title=\toks22
\c@AM@survey=\count409
\AM@templatesizebox=\box50
)
(/usr/local/texlive/2021/texmf-dist/tex/latex/subfiles/subfiles.sty
Package: subfiles 2020/11/14 v2.2 Multi-file projects (package)

(/usr/local/texlive/2021/texmf-dist/tex/latex/import/import.sty
Package: import 2020/04/01  v 6.2
))
(/usr/local/texlive/2021/texmf-dist/tex/latex/amscls/amsthm.sty
Package: amsthm 2020/05/29 v2.20.6
\thm@style=\toks23
\thm@bodyfont=\toks24
\thm@headfont=\toks25
\thm@notefont=\toks26
\thm@headpunct=\toks27
\thm@preskip=\skip77
\thm@postskip=\skip78
\thm@headsep=\skip79
\dth@everypar=\toks28
)
(/usr/local/texlive/2021/texmf-dist/tex/latex/oberdiek/hypcap.sty
Package: hypcap 2016/05/16 v1.12 Adjusting the anchors of captions (HO)
)
(/usr/local/texlive/2021/texmf-dist/tex/latex/caption/caption.sty
Package: caption 2020/10/26 v3.5g Customizing captions (AR)

(/usr/local/texlive/2021/texmf-dist/tex/latex/caption/caption3.sty
Package: caption3 2020/10/21 v2.2e caption3 kernel (AR)
\captionmargin=\dimen163
\captionmargin@=\dimen164
\captionwidth=\dimen165
\caption@tempdima=\dimen166
\caption@indent=\dimen167
\caption@parindent=\dimen168
\caption@hangindent=\dimen169
Package caption Info: Standard document class detected.
)
\c@caption@flags=\count410
\c@continuedfloat=\count411
Package caption Info: hyperref package is loaded.
Package caption Info: hypcap package is loaded.
)
(/usr/local/texlive/2021/texmf-dist/tex/latex/fancyhdr/fancyhdr.sty
Package: fancyhdr 2021/01/28 v4.0.1 Extensive control of page headers and foote
rs
\f@nch@headwidth=\skip80
\f@nch@O@elh=\skip81
\f@nch@O@erh=\skip82
\f@nch@O@olh=\skip83
\f@nch@O@orh=\skip84
\f@nch@O@elf=\skip85
\f@nch@O@erf=\skip86
\f@nch@O@olf=\skip87
\f@nch@O@orf=\skip88
)
(/usr/local/texlive/2021/texmf-dist/tex/latex/wrapfig/wrapfig.sty
\wrapoverhang=\dimen170
\WF@size=\dimen171
\c@WF@wrappedlines=\count412
\WF@box=\box51
\WF@everypar=\toks29
Package: wrapfig 2003/01/31  v 3.6
)
(/usr/local/texlive/2021/texmf-dist/tex/latex/pgf/frontendlayer/tikz.sty
(/usr/local/texlive/2021/texmf-dist/tex/latex/pgf/basiclayer/pgf.sty
(/usr/local/texlive/2021/texmf-dist/tex/latex/pgf/utilities/pgfrcs.sty
(/usr/local/texlive/2021/texmf-dist/tex/generic/pgf/utilities/pgfutil-common.te
x
\pgfutil@everybye=\toks30
\pgfutil@tempdima=\dimen172
\pgfutil@tempdimb=\dimen173

(/usr/local/texlive/2021/texmf-dist/tex/generic/pgf/utilities/pgfutil-common-li
sts.tex))
(/usr/local/texlive/2021/texmf-dist/tex/generic/pgf/utilities/pgfutil-latex.def
\pgfutil@abb=\box52
) (/usr/local/texlive/2021/texmf-dist/tex/generic/pgf/utilities/pgfrcs.code.tex
(/usr/local/texlive/2021/texmf-dist/tex/generic/pgf/pgf.revision.tex)
Package: pgfrcs 2020/12/27 v3.1.8b (3.1.8b)
))
Package: pgf 2020/12/27 v3.1.8b (3.1.8b)

(/usr/local/texlive/2021/texmf-dist/tex/latex/pgf/basiclayer/pgfcore.sty
(/usr/local/texlive/2021/texmf-dist/tex/latex/pgf/systemlayer/pgfsys.sty
(/usr/local/texlive/2021/texmf-dist/tex/generic/pgf/systemlayer/pgfsys.code.tex
Package: pgfsys 2020/12/27 v3.1.8b (3.1.8b)
(/usr/local/texlive/2021/texmf-dist/tex/generic/pgf/utilities/pgfkeys.code.tex
\pgfkeys@pathtoks=\toks31
\pgfkeys@temptoks=\toks32

(/usr/local/texlive/2021/texmf-dist/tex/generic/pgf/utilities/pgfkeysfiltered.c
ode.tex
\pgfkeys@tmptoks=\toks33
))
\pgf@x=\dimen174
\pgf@y=\dimen175
\pgf@xa=\dimen176
\pgf@ya=\dimen177
\pgf@xb=\dimen178
\pgf@yb=\dimen179
\pgf@xc=\dimen180
\pgf@yc=\dimen181
\pgf@xd=\dimen182
\pgf@yd=\dimen183
\w@pgf@writea=\write4
\r@pgf@reada=\read4
\c@pgf@counta=\count413
\c@pgf@countb=\count414
\c@pgf@countc=\count415
\c@pgf@countd=\count416
\t@pgf@toka=\toks34
\t@pgf@tokb=\toks35
\t@pgf@tokc=\toks36
\pgf@sys@id@count=\count417

(/usr/local/texlive/2021/texmf-dist/tex/generic/pgf/systemlayer/pgf.cfg
File: pgf.cfg 2020/12/27 v3.1.8b (3.1.8b)
)
Driver file for pgf: pgfsys-pdftex.def

(/usr/local/texlive/2021/texmf-dist/tex/generic/pgf/systemlayer/pgfsys-pdftex.d
ef
File: pgfsys-pdftex.def 2020/12/27 v3.1.8b (3.1.8b)

(/usr/local/texlive/2021/texmf-dist/tex/generic/pgf/systemlayer/pgfsys-common-p
df.def
File: pgfsys-common-pdf.def 2020/12/27 v3.1.8b (3.1.8b)
)))
(/usr/local/texlive/2021/texmf-dist/tex/generic/pgf/systemlayer/pgfsyssoftpath.
code.tex
File: pgfsyssoftpath.code.tex 2020/12/27 v3.1.8b (3.1.8b)
\pgfsyssoftpath@smallbuffer@items=\count418
\pgfsyssoftpath@bigbuffer@items=\count419
)
(/usr/local/texlive/2021/texmf-dist/tex/generic/pgf/systemlayer/pgfsysprotocol.
code.tex
File: pgfsysprotocol.code.tex 2020/12/27 v3.1.8b (3.1.8b)
))
(/usr/local/texlive/2021/texmf-dist/tex/generic/pgf/basiclayer/pgfcore.code.tex
Package: pgfcore 2020/12/27 v3.1.8b (3.1.8b)
(/usr/local/texlive/2021/texmf-dist/tex/generic/pgf/math/pgfmath.code.tex
(/usr/local/texlive/2021/texmf-dist/tex/generic/pgf/math/pgfmathcalc.code.tex
(/usr/local/texlive/2021/texmf-dist/tex/generic/pgf/math/pgfmathutil.code.tex)
(/usr/local/texlive/2021/texmf-dist/tex/generic/pgf/math/pgfmathparser.code.tex
\pgfmath@dimen=\dimen184
\pgfmath@count=\count420
\pgfmath@box=\box53
\pgfmath@toks=\toks37
\pgfmath@stack@operand=\toks38
\pgfmath@stack@operation=\toks39
)
(/usr/local/texlive/2021/texmf-dist/tex/generic/pgf/math/pgfmathfunctions.code.
tex
(/usr/local/texlive/2021/texmf-dist/tex/generic/pgf/math/pgfmathfunctions.basic
.code.tex)
(/usr/local/texlive/2021/texmf-dist/tex/generic/pgf/math/pgfmathfunctions.trigo
nometric.code.tex)
(/usr/local/texlive/2021/texmf-dist/tex/generic/pgf/math/pgfmathfunctions.rando
m.code.tex)
(/usr/local/texlive/2021/texmf-dist/tex/generic/pgf/math/pgfmathfunctions.compa
rison.code.tex)
(/usr/local/texlive/2021/texmf-dist/tex/generic/pgf/math/pgfmathfunctions.base.
code.tex)
(/usr/local/texlive/2021/texmf-dist/tex/generic/pgf/math/pgfmathfunctions.round
.code.tex)
(/usr/local/texlive/2021/texmf-dist/tex/generic/pgf/math/pgfmathfunctions.misc.
code.tex)
(/usr/local/texlive/2021/texmf-dist/tex/generic/pgf/math/pgfmathfunctions.integ
erarithmetics.code.tex)))
(/usr/local/texlive/2021/texmf-dist/tex/generic/pgf/math/pgfmathfloat.code.tex
\c@pgfmathroundto@lastzeros=\count421
)) (/usr/local/texlive/2021/texmf-dist/tex/generic/pgf/math/pgfint.code.tex)
(/usr/local/texlive/2021/texmf-dist/tex/generic/pgf/basiclayer/pgfcorepoints.co
de.tex
File: pgfcorepoints.code.tex 2020/12/27 v3.1.8b (3.1.8b)
\pgf@picminx=\dimen185
\pgf@picmaxx=\dimen186
\pgf@picminy=\dimen187
\pgf@picmaxy=\dimen188
\pgf@pathminx=\dimen189
\pgf@pathmaxx=\dimen190
\pgf@pathminy=\dimen191
\pgf@pathmaxy=\dimen192
\pgf@xx=\dimen193
\pgf@xy=\dimen194
\pgf@yx=\dimen195
\pgf@yy=\dimen196
\pgf@zx=\dimen197
\pgf@zy=\dimen198
)
(/usr/local/texlive/2021/texmf-dist/tex/generic/pgf/basiclayer/pgfcorepathconst
ruct.code.tex
File: pgfcorepathconstruct.code.tex 2020/12/27 v3.1.8b (3.1.8b)
\pgf@path@lastx=\dimen199
\pgf@path@lasty=\dimen256
)
(/usr/local/texlive/2021/texmf-dist/tex/generic/pgf/basiclayer/pgfcorepathusage
.code.tex
File: pgfcorepathusage.code.tex 2020/12/27 v3.1.8b (3.1.8b)
\pgf@shorten@end@additional=\dimen257
\pgf@shorten@start@additional=\dimen258
)
(/usr/local/texlive/2021/texmf-dist/tex/generic/pgf/basiclayer/pgfcorescopes.co
de.tex
File: pgfcorescopes.code.tex 2020/12/27 v3.1.8b (3.1.8b)
\pgfpic=\box54
\pgf@hbox=\box55
\pgf@layerbox@main=\box56
\pgf@picture@serial@count=\count422
)
(/usr/local/texlive/2021/texmf-dist/tex/generic/pgf/basiclayer/pgfcoregraphicst
ate.code.tex
File: pgfcoregraphicstate.code.tex 2020/12/27 v3.1.8b (3.1.8b)
\pgflinewidth=\dimen259
)
(/usr/local/texlive/2021/texmf-dist/tex/generic/pgf/basiclayer/pgfcoretransform
ations.code.tex
File: pgfcoretransformations.code.tex 2020/12/27 v3.1.8b (3.1.8b)
\pgf@pt@x=\dimen260
\pgf@pt@y=\dimen261
\pgf@pt@temp=\dimen262
)
(/usr/local/texlive/2021/texmf-dist/tex/generic/pgf/basiclayer/pgfcorequick.cod
e.tex
File: pgfcorequick.code.tex 2020/12/27 v3.1.8b (3.1.8b)
)
(/usr/local/texlive/2021/texmf-dist/tex/generic/pgf/basiclayer/pgfcoreobjects.c
ode.tex
File: pgfcoreobjects.code.tex 2020/12/27 v3.1.8b (3.1.8b)
)
(/usr/local/texlive/2021/texmf-dist/tex/generic/pgf/basiclayer/pgfcorepathproce
ssing.code.tex
File: pgfcorepathprocessing.code.tex 2020/12/27 v3.1.8b (3.1.8b)
)
(/usr/local/texlive/2021/texmf-dist/tex/generic/pgf/basiclayer/pgfcorearrows.co
de.tex
File: pgfcorearrows.code.tex 2020/12/27 v3.1.8b (3.1.8b)
\pgfarrowsep=\dimen263
)
(/usr/local/texlive/2021/texmf-dist/tex/generic/pgf/basiclayer/pgfcoreshade.cod
e.tex
File: pgfcoreshade.code.tex 2020/12/27 v3.1.8b (3.1.8b)
\pgf@max=\dimen264
\pgf@sys@shading@range@num=\count423
\pgf@shadingcount=\count424
)
(/usr/local/texlive/2021/texmf-dist/tex/generic/pgf/basiclayer/pgfcoreimage.cod
e.tex
File: pgfcoreimage.code.tex 2020/12/27 v3.1.8b (3.1.8b)

(/usr/local/texlive/2021/texmf-dist/tex/generic/pgf/basiclayer/pgfcoreexternal.
code.tex
File: pgfcoreexternal.code.tex 2020/12/27 v3.1.8b (3.1.8b)
\pgfexternal@startupbox=\box57
))
(/usr/local/texlive/2021/texmf-dist/tex/generic/pgf/basiclayer/pgfcorelayers.co
de.tex
File: pgfcorelayers.code.tex 2020/12/27 v3.1.8b (3.1.8b)
)
(/usr/local/texlive/2021/texmf-dist/tex/generic/pgf/basiclayer/pgfcoretranspare
ncy.code.tex
File: pgfcoretransparency.code.tex 2020/12/27 v3.1.8b (3.1.8b)
)
(/usr/local/texlive/2021/texmf-dist/tex/generic/pgf/basiclayer/pgfcorepatterns.
code.tex
File: pgfcorepatterns.code.tex 2020/12/27 v3.1.8b (3.1.8b)
)
(/usr/local/texlive/2021/texmf-dist/tex/generic/pgf/basiclayer/pgfcorerdf.code.
tex
File: pgfcorerdf.code.tex 2020/12/27 v3.1.8b (3.1.8b)
)))
(/usr/local/texlive/2021/texmf-dist/tex/generic/pgf/modules/pgfmoduleshapes.cod
e.tex
File: pgfmoduleshapes.code.tex 2020/12/27 v3.1.8b (3.1.8b)
\pgfnodeparttextbox=\box58
)
(/usr/local/texlive/2021/texmf-dist/tex/generic/pgf/modules/pgfmoduleplot.code.
tex
File: pgfmoduleplot.code.tex 2020/12/27 v3.1.8b (3.1.8b)
)
(/usr/local/texlive/2021/texmf-dist/tex/latex/pgf/compatibility/pgfcomp-version
-0-65.sty
Package: pgfcomp-version-0-65 2020/12/27 v3.1.8b (3.1.8b)
\pgf@nodesepstart=\dimen265
\pgf@nodesepend=\dimen266
)
(/usr/local/texlive/2021/texmf-dist/tex/latex/pgf/compatibility/pgfcomp-version
-1-18.sty
Package: pgfcomp-version-1-18 2020/12/27 v3.1.8b (3.1.8b)
))
(/usr/local/texlive/2021/texmf-dist/tex/latex/pgf/utilities/pgffor.sty
(/usr/local/texlive/2021/texmf-dist/tex/latex/pgf/utilities/pgfkeys.sty
(/usr/local/texlive/2021/texmf-dist/tex/generic/pgf/utilities/pgfkeys.code.tex)
) (/usr/local/texlive/2021/texmf-dist/tex/latex/pgf/math/pgfmath.sty
(/usr/local/texlive/2021/texmf-dist/tex/generic/pgf/math/pgfmath.code.tex))
(/usr/local/texlive/2021/texmf-dist/tex/generic/pgf/utilities/pgffor.code.tex
Package: pgffor 2020/12/27 v3.1.8b (3.1.8b)

(/usr/local/texlive/2021/texmf-dist/tex/generic/pgf/math/pgfmath.code.tex)
\pgffor@iter=\dimen267
\pgffor@skip=\dimen268
\pgffor@stack=\toks40
\pgffor@toks=\toks41
))
(/usr/local/texlive/2021/texmf-dist/tex/generic/pgf/frontendlayer/tikz/tikz.cod
e.tex
Package: tikz 2020/12/27 v3.1.8b (3.1.8b)

(/usr/local/texlive/2021/texmf-dist/tex/generic/pgf/libraries/pgflibraryplothan
dlers.code.tex
File: pgflibraryplothandlers.code.tex 2020/12/27 v3.1.8b (3.1.8b)
\pgf@plot@mark@count=\count425
\pgfplotmarksize=\dimen269
)
\tikz@lastx=\dimen270
\tikz@lasty=\dimen271
\tikz@lastxsaved=\dimen272
\tikz@lastysaved=\dimen273
\tikz@lastmovetox=\dimen274
\tikz@lastmovetoy=\dimen275
\tikzleveldistance=\dimen276
\tikzsiblingdistance=\dimen277
\tikz@figbox=\box59
\tikz@figbox@bg=\box60
\tikz@tempbox=\box61
\tikz@tempbox@bg=\box62
\tikztreelevel=\count426
\tikznumberofchildren=\count427
\tikznumberofcurrentchild=\count428
\tikz@fig@count=\count429

(/usr/local/texlive/2021/texmf-dist/tex/generic/pgf/modules/pgfmodulematrix.cod
e.tex
File: pgfmodulematrix.code.tex 2020/12/27 v3.1.8b (3.1.8b)
\pgfmatrixcurrentrow=\count430
\pgfmatrixcurrentcolumn=\count431
\pgf@matrix@numberofcolumns=\count432
)
\tikz@expandcount=\count433

(/usr/local/texlive/2021/texmf-dist/tex/generic/pgf/frontendlayer/tikz/librarie
s/tikzlibrarytopaths.code.tex
File: tikzlibrarytopaths.code.tex 2020/12/27 v3.1.8b (3.1.8b)
)))
(/usr/local/texlive/2021/texmf-dist/tex/generic/pgf/libraries/pgflibraryarrows.
meta.code.tex
File: pgflibraryarrows.meta.code.tex 2020/12/27 v3.1.8b (3.1.8b)
\pgfarrowinset=\dimen278
\pgfarrowlength=\dimen279
\pgfarrowwidth=\dimen280
\pgfarrowlinewidth=\dimen281
)
(/usr/local/texlive/2021/texmf-dist/tex/latex/amsmath/amsmath.sty
Package: amsmath 2020/09/23 v2.17i AMS math features
\@mathmargin=\skip89

For additional information on amsmath, use the `?' option.
(/usr/local/texlive/2021/texmf-dist/tex/latex/amsmath/amstext.sty
Package: amstext 2000/06/29 v2.01 AMS text

(/usr/local/texlive/2021/texmf-dist/tex/latex/amsmath/amsgen.sty
File: amsgen.sty 1999/11/30 v2.0 generic functions
\@emptytoks=\toks42
\ex@=\dimen282
))
(/usr/local/texlive/2021/texmf-dist/tex/latex/amsmath/amsbsy.sty
Package: amsbsy 1999/11/29 v1.2d Bold Symbols
\pmbraise@=\dimen283
)
(/usr/local/texlive/2021/texmf-dist/tex/latex/amsmath/amsopn.sty
Package: amsopn 2016/03/08 v2.02 operator names
)
\inf@bad=\count434
LaTeX Info: Redefining \frac on input line 234.
\uproot@=\count435
\leftroot@=\count436
LaTeX Info: Redefining \overline on input line 399.
\classnum@=\count437
\DOTSCASE@=\count438
LaTeX Info: Redefining \ldots on input line 496.
LaTeX Info: Redefining \dots on input line 499.
LaTeX Info: Redefining \cdots on input line 620.
\Mathstrutbox@=\box63
\strutbox@=\box64
\big@size=\dimen284
LaTeX Font Info:    Redeclaring font encoding OML on input line 743.
LaTeX Font Info:    Redeclaring font encoding OMS on input line 744.
\macc@depth=\count439
\c@MaxMatrixCols=\count440
\dotsspace@=\muskip21
\c@parentequation=\count441
\dspbrk@lvl=\count442
\tag@help=\toks43
\row@=\count443
\column@=\count444
\maxfields@=\count445
\andhelp@=\toks44
\eqnshift@=\dimen285
\alignsep@=\dimen286
\tagshift@=\dimen287
\tagwidth@=\dimen288
\totwidth@=\dimen289
\lineht@=\dimen290
\@envbody=\toks45
\multlinegap=\skip90
\multlinetaggap=\skip91
\mathdisplay@stack=\toks46
LaTeX Info: Redefining \[ on input line 2923.
LaTeX Info: Redefining \] on input line 2924.
)
(/usr/local/texlive/2021/texmf-dist/tex/latex/amsfonts/amssymb.sty
Package: amssymb 2013/01/14 v3.01 AMS font symbols

(/usr/local/texlive/2021/texmf-dist/tex/latex/amsfonts/amsfonts.sty
Package: amsfonts 2013/01/14 v3.01 Basic AMSFonts support
\symAMSa=\mathgroup4
\symAMSb=\mathgroup5
LaTeX Font Info:    Redeclaring math symbol \hbar on input line 98.
LaTeX Font Info:    Overwriting math alphabet `\mathfrak' in version `bold'
(Font)                  U/euf/m/n --> U/euf/b/n on input line 106.
))
(/usr/local/texlive/2021/texmf-dist/tex/latex/base/textcomp.sty
Package: textcomp 2020/02/02 v2.0n Standard LaTeX package
)
(/usr/local/texlive/2021/texmf-dist/tex/latex/esvect/esvect.sty
Package: esvect 
\symesvector=\mathgroup6
)
(/usr/local/texlive/2021/texmf-dist/tex/latex/esint/esint.sty
Package: esint 
\symlargesymbolsA=\mathgroup7
)
(/usr/local/texlive/2021/texmf-dist/tex/latex/jknapltx/mathrsfs.sty
Package: mathrsfs 1996/01/01 Math RSFS package v1.0 (jk)
\symrsfs=\mathgroup8
)
(/usr/local/texlive/2021/texmf-dist/tex/generic/ulem/ulem.sty
\UL@box=\box65
\UL@hyphenbox=\box66
\UL@skip=\skip92
\UL@hook=\toks47
\UL@height=\dimen291
\UL@pe=\count446
\UL@pixel=\dimen292
\ULC@box=\box67
Package: ulem 2019/11/18
\ULdepth=\dimen293
)
(/usr/local/texlive/2021/texmf-dist/tex/latex/abraces/abraces.sty
Package: abraces 2012/08/24 v1.0 Arbitrary and asymmetric braces
\bracebox=\box68
)
(/usr/local/texlive/2021/texmf-dist/tex/latex/psnfss/pifont.sty
Package: pifont 2020/03/25 PSNFSS-v9.3 Pi font support (SPQR) 
LaTeX Font Info:    Trying to load font information for U+pzd on input line 63.


(/usr/local/texlive/2021/texmf-dist/tex/latex/psnfss/upzd.fd
File: upzd.fd 2001/06/04 font definitions for U/pzd.
)
LaTeX Font Info:    Trying to load font information for U+psy on input line 64.


(/usr/local/texlive/2021/texmf-dist/tex/latex/psnfss/upsy.fd
File: upsy.fd 2001/06/04 font definitions for U/psy.
))
(/usr/local/texlive/2021/texmf-dist/tex/latex/cancel/cancel.sty
Package: cancel 2013/04/12 v2.2 Cancel math terms
)
(/usr/local/texlive/2021/texmf-dist/tex/latex/float/float.sty
Package: float 2001/11/08 v1.3d Float enhancements (AL)
\c@float@type=\count447
\float@exts=\toks48
\float@box=\box69
\@float@everytoks=\toks49
\@floatcapt=\box70
)
(/usr/local/texlive/2021/texmf-dist/tex/latex/tools/indentfirst.sty
Package: indentfirst 1995/11/23 v1.03 Indent first paragraph (DPC)
)
(/usr/local/texlive/2021/texmf-dist/tex/latex/enumitem/enumitem.sty
Package: enumitem 2019/06/20 v3.9 Customized lists
\labelindent=\skip93
\enit@outerparindent=\dimen294
\enit@toks=\toks50
\enit@inbox=\box71
\enit@count@id=\count448
\enitdp@description=\count449
)
(/usr/local/texlive/2021/texmf-dist/tex/latex/parskip/parskip.sty
Package: parskip 2021-03-14 v2.0h non-zero parskip adjustments
))
(/usr/local/texlive/2021/texmf-dist/tex/latex/bbm-macros/bbm.sty
Package: bbm 1999/03/15 V 1.2 provides fonts for set symbols - TH
LaTeX Font Info:    Overwriting math alphabet `\mathbbm' in version `bold'
(Font)                  U/bbm/m/n --> U/bbm/bx/n on input line 33.
LaTeX Font Info:    Overwriting math alphabet `\mathbbmss' in version `bold'
(Font)                  U/bbmss/m/n --> U/bbmss/bx/n on input line 35.
)
(./settings/colors.tex) (./settings/commands.tex

LaTeX3 Info: Defining command \bk with sig. 'm o m' on line 62.

) (./settings/header.tex)
(./settings/symbols.tex
(/usr/local/texlive/2021/texmf-dist/tex/latex/arydshln/arydshln.sty
Package: arydshln 2019/02/21 v1.76 
\dashlinedash=\dimen295
\dashlinegap=\dimen296
\adl@box=\box72
\adl@height=\dimen297
\adl@heightsave=\dimen298
\adl@depth=\dimen299
\adl@depthsave=\dimen300
\adl@finaldepth=\dimen301
\adl@columns=\count450
\adl@ncol=\count451
\adl@currentcolumn=\count452
\adl@currentcolumnsave=\count453
\adl@totalheight=\count454
\adl@totalheightsave=\count455
\adl@dash=\count456
\adl@gap=\count457
\adl@cla=\count458
\adl@clb=\count459
\adl@everyvbox=\toks51
\adl@LTpagetotal=\dimen302
)))
Package csquotes Info: Checking for multilingual support...
Package csquotes Info: ... found 'babel' package.
Package csquotes Info: Adjusting default style.
Package csquotes Info: Redefining alias 'default' -> 'russian'.

(/usr/local/texlive/2021/texmf-dist/tex/latex/l3backend/l3backend-pdftex.def
File: l3backend-pdftex.def 2021-03-18 L3 backend support: PDF output (pdfTeX)
\l__color_backend_stack_int=\count460
\l__pdf_internal_box=\box73
)
(./main.aux

LaTeX Warning: Label `fig:BB1' multiply defined.

)
\openout1 = `main.aux'.

LaTeX Font Info:    Checking defaults for OML/cmm/m/it on input line 5.
LaTeX Font Info:    ... okay on input line 5.
LaTeX Font Info:    Checking defaults for OMS/cmsy/m/n on input line 5.
LaTeX Font Info:    ... okay on input line 5.
LaTeX Font Info:    Checking defaults for OT1/cmr/m/n on input line 5.
LaTeX Font Info:    ... okay on input line 5.
LaTeX Font Info:    Checking defaults for T1/cmr/m/n on input line 5.
LaTeX Font Info:    ... okay on input line 5.
LaTeX Font Info:    Checking defaults for TS1/cmr/m/n on input line 5.
LaTeX Font Info:    ... okay on input line 5.
LaTeX Font Info:    Checking defaults for OMX/cmex/m/n on input line 5.
LaTeX Font Info:    ... okay on input line 5.
LaTeX Font Info:    Checking defaults for U/cmr/m/n on input line 5.
LaTeX Font Info:    ... okay on input line 5.
LaTeX Font Info:    Checking defaults for T2A/cmr/m/n on input line 5.
LaTeX Font Info:    ... okay on input line 5.
LaTeX Font Info:    Checking defaults for PD1/pdf/m/n on input line 5.
LaTeX Font Info:    ... okay on input line 5.
LaTeX Font Info:    Checking defaults for PU/pdf/m/n on input line 5.
LaTeX Font Info:    ... okay on input line 5.
LaTeX Info: Redefining \th on input line 5.

*geometry* driver: auto-detecting
*geometry* detected driver: pdftex
*geometry* verbose mode - [ preamble ] result:
* driver: pdftex
* paper: <default>
* layout: <same size as paper>
* layoutoffset:(h,v)=(0.0pt,0.0pt)
* modes: 
* h-part:(L,W,R)=(51.21504pt, 511.86491pt, 51.21504pt)
* v-part:(T,H,B)=(51.21504pt, 692.5399pt, 51.21504pt)
* \paperwidth=614.295pt
* \paperheight=794.96999pt
* \textwidth=511.86491pt
* \textheight=692.5399pt
* \oddsidemargin=-21.05495pt
* \evensidemargin=-21.05495pt
* \topmargin=-58.05495pt
* \headheight=12.0pt
* \headsep=25.0pt
* \topskip=12.0pt
* \footskip=30.0pt
* \marginparwidth=44.0pt
* \marginparsep=10.0pt
* \columnsep=10.0pt
* \skip\footins=10.8pt plus 4.0pt minus 2.0pt
* \hoffset=0.0pt
* \voffset=0.0pt
* \mag=1000
* \@twocolumnfalse
* \@twosidefalse
* \@mparswitchfalse
* \@reversemarginfalse
* (1in=72.27pt=25.4mm, 1cm=28.453pt)

Package hyperref Info: Link coloring ON on input line 5.
(/usr/local/texlive/2021/texmf-dist/tex/latex/hyperref/nameref.sty
Package: nameref 2021-04-02 v2.47 Cross-referencing by name of section

(/usr/local/texlive/2021/texmf-dist/tex/latex/refcount/refcount.sty
Package: refcount 2019/12/15 v3.6 Data extraction from label references (HO)
)
(/usr/local/texlive/2021/texmf-dist/tex/generic/gettitlestring/gettitlestring.s
ty
Package: gettitlestring 2019/12/15 v1.6 Cleanup title references (HO)
)
\c@section@level=\count461
)
LaTeX Info: Redefining \ref on input line 5.
LaTeX Info: Redefining \pageref on input line 5.
LaTeX Info: Redefining \nameref on input line 5.
 (./main.out) (./main.out)
\@outlinefile=\write5
\openout5 = `main.out'.

Package biblatex Info: Trying to load language 'russian'...
Package biblatex Info: ... file 'russian.lbx' found.

(/usr/local/texlive/2021/texmf-dist/tex/latex/biblatex/lbx/russian.lbx
File: russian.lbx 2020/12/31 v3.16 biblatex localization (PK/MW)
)
Package biblatex Info: Trying to load language 'english'...
Package biblatex Info: ... file 'english.lbx' found.

(/usr/local/texlive/2021/texmf-dist/tex/latex/biblatex/lbx/english.lbx
File: english.lbx 2020/12/31 v3.16 biblatex localization (PK/MW)
)
Package biblatex Info: Input encoding 'utf8' detected.
Package biblatex Info: Automatic encoding selection.
(biblatex)             Assuming data encoding 'utf8'.
Package biblatex Info: Document encoding is UTF8 ....

(/usr/local/texlive/2021/texmf-dist/tex/latex/l3kernel/expl3.sty
Package: expl3 2021-02-18 L3 programming layer (loader) 
)
Package biblatex Info: ... and expl3
(biblatex)             2021-02-18 L3 programming layer (loader) 
(biblatex)             is new enough (at least 2020/04/06),
(biblatex)             setting 'casechanger=expl3'.

(/usr/local/texlive/2021/texmf-dist/tex/latex/biblatex/blx-case-expl3.sty
(/usr/local/texlive/2021/texmf-dist/tex/latex/l3packages/xparse/xparse.sty
(/usr/local/texlive/2021/texmf-dist/tex/latex/l3packages/xparse/xparse-2020-10-
01.sty
(/usr/local/texlive/2021/texmf-dist/tex/latex/l3packages/xparse/xparse-generic.
tex)))
Package: blx-case-expl3 2020/12/31 v3.16 expl3 case changing code for biblatex
)
\openout3 = `main.bcf'.

Package biblatex Info: Trying to load bibliographic data...
Package biblatex Info: ... file 'main.bbl' found.
 (./main.bbl

Package biblatex Warning: Biber reported the following issues
(biblatex)                with 'Bluvstein:2024aa':
(biblatex)                - Entry 'Bluvstein:2024aa' (bib.bib): Invalid format 
'2024/02/01' of date field 'date' - ignoring.


Package biblatex Warning: Biber reported the following issues
(biblatex)                with 'moire':
(biblatex)                - Entry 'moire' (bib.bib): Invalid format '2024/05/31
' of date field 'date' - ignoring.


Package biblatex Warning: Biber reported the following issues
(biblatex)                with 'TimeCrystal_Monroe':
(biblatex)                - Entry 'TimeCrystal_Monroe' (bib.bib): Invalid forma
t '2017/03/01' of date field 'date' - ignoring.


Package biblatex Warning: Biber reported the following issues
(biblatex)                with 'KagomeIce':
(biblatex)                - Entry 'KagomeIce' (bib.bib): Invalid format '2023/0
2/27' of date field 'date' - ignoring.


Package biblatex Warning: Biber reported the following issues
(biblatex)                with 'Variational':
(biblatex)                - Entry 'Variational' (bib.bib): Invalid format '2021
/09/01' of date field 'date' - ignoring.


Package biblatex Warning: Biber reported the following issues
(biblatex)                with 'IntegratedPhotonics':
(biblatex)                - Entry 'IntegratedPhotonics' (bib.bib): Invalid form
at '2022/03/01' of date field 'date' - ignoring.


Package biblatex Warning: Biber reported the following issues
(biblatex)                with 'NeuromorphicPhotonics':
(biblatex)                - Entry 'NeuromorphicPhotonics' (bib.bib): Invalid fo
rmat '2021/02/01' of date field 'date' - ignoring.


Package biblatex Warning: Biber reported the following issues
(biblatex)                with 'spintronics_topo':
(biblatex)                - Entry 'spintronics_topo' (bib.bib): Invalid format 
'2024/02/10' of date field 'date' - ignoring.


Package biblatex Warning: Biber reported the following issues
(biblatex)                with 'graphene_transistors':
(biblatex)                - Entry 'graphene_transistors' (bib.bib): Invalid for
mat '2010/07/01' of date field 'date' - ignoring.


Package biblatex Warning: Biber reported the following issues
(biblatex)                with 'robust_masks':
(biblatex)                - Entry 'robust_masks' (bib.bib): Invalid format '201
2/10/10' of date field 'date' - ignoring.


Package biblatex Warning: Biber reported the following issues
(biblatex)                with 'Proctor:2022aa':
(biblatex)                - Entry 'Proctor:2022aa' (bib.bib): Invalid format '2
022/01/01' of date field 'date' - ignoring.


Package biblatex Warning: Biber reported the following issues
(biblatex)                with 'parity_oscillations':
(biblatex)                - Entry 'parity_oscillations' (bib.bib): Invalid form
at '2000/03/01' of date field 'date' - ignoring.


Package biblatex Warning: Biber reported the following issues
(biblatex)                with 'Chew:2022aa':
(biblatex)                - Entry 'Chew:2022aa' (bib.bib): Invalid format '2022
/10/01' of date field 'date' - ignoring.


Package biblatex Warning: Biber reported the following issues
(biblatex)                with 'Urban:2009aa':
(biblatex)                - Entry 'Urban:2009aa' (bib.bib): Invalid format '200
9/02/01' of date field 'date' - ignoring.


Package biblatex Warning: Biber reported the following issues
(biblatex)                with 'Srakaew:2023aa':
(biblatex)                - Entry 'Srakaew:2023aa' (bib.bib): Invalid format '2
023/05/01' of date field 'date' - ignoring.


Package biblatex Warning: Biber reported the following issues
(biblatex)                with 'Evered:2023aa':
(biblatex)                - Entry 'Evered:2023aa' (bib.bib): Invalid format '20
23/10/01' of date field 'date' - ignoring.

)
Package biblatex Info: Reference section=0 on input line 5.
Package biblatex Info: Reference segment=0 on input line 5.
 (/usr/local/texlive/2021/texmf-dist/tex/context/base/mkii/supp-pdf.mkii
[Loading MPS to PDF converter (version 2006.09.02).]
\scratchcounter=\count462
\scratchdimen=\dimen303
\scratchbox=\box74
\nofMPsegments=\count463
\nofMParguments=\count464
\everyMPshowfont=\toks52
\MPscratchCnt=\count465
\MPscratchDim=\dimen304
\MPnumerator=\count466
\makeMPintoPDFobject=\count467
\everyMPtoPDFconversion=\toks53
) (/usr/local/texlive/2021/texmf-dist/tex/latex/epstopdf-pkg/epstopdf-base.sty
Package: epstopdf-base 2020-01-24 v2.11 Base part for package epstopdf
Package epstopdf-base Info: Redefining graphics rule for `.eps' on input line 4
85.

(/usr/local/texlive/2021/texmf-dist/tex/latex/latexconfig/epstopdf-sys.cfg
File: epstopdf-sys.cfg 2010/07/13 v1.3 Configuration of (r)epstopdf for TeX Liv
e
))
(/usr/local/texlive/2021/texmf-dist/tex/latex/pdflscape/pdflscape.sty
Package: pdflscape 2019/12/05 v0.12 Display of landscape pages in PDF (HO)

(/usr/local/texlive/2021/texmf-dist/tex/latex/graphics/lscape.sty
Package: lscape 2020/05/28 v3.02 Landscape Pages (DPC)
)
Package pdflscape Info: Auto-detected driver: pdftex on input line 81.
)
Package caption Info: Begin \AtBeginDocument code.
Package caption Info: float package is loaded.
Package caption Info: wrapfig package is loaded.
Package caption Info: End \AtBeginDocument code.

(./settings/settings.tex) (./settings/inputs.tex

pdfTeX warning: pdflatex (file ./parts/title.pdf): PDF inclusion: found PDF ver
sion <1.7>, but at most version <1.5> allowed
<parts/title.pdf, id=199, 597.50829pt x 845.0471pt>
File: parts/title.pdf Graphic file (type pdf)
<use parts/title.pdf>
Package pdftex.def Info: parts/title.pdf  used on input line 4.
(pdftex.def)             Requested size: 597.50682pt x 845.04504pt.


pdfTeX warning: pdflatex (file ./parts/title.pdf): PDF inclusion: found PDF ver
sion <1.7>, but at most version <1.5> allowed
File: parts/title.pdf Graphic file (type pdf)
<use parts/title.pdf>
Package pdftex.def Info: parts/title.pdf  used on input line 4.
(pdftex.def)             Requested size: 597.50682pt x 845.04504pt.


pdfTeX warning: pdflatex (file ./parts/title.pdf): PDF inclusion: found PDF ver
sion <1.7>, but at most version <1.5> allowed


pdfTeX warning: pdflatex (file ./parts/title.pdf): PDF inclusion: found PDF ver
sion <1.7>, but at most version <1.5> allowed
<parts/title.pdf, id=202, page=1, 597.50829pt x 845.0471pt>
File: parts/title.pdf Graphic file (type pdf)
<use parts/title.pdf, page 1>
Package pdftex.def Info: parts/title.pdf , page1 used on input line 4.
(pdftex.def)             Requested size: 597.50682pt x 845.04504pt.
File: parts/title.pdf Graphic file (type pdf)
<use parts/title.pdf, page 1>
Package pdftex.def Info: parts/title.pdf , page1 used on input line 4.
(pdftex.def)             Requested size: 562.12285pt x 795.00201pt.
File: parts/title.pdf Graphic file (type pdf)
<use parts/title.pdf, page 1>
Package pdftex.def Info: parts/title.pdf , page1 used on input line 4.
(pdftex.def)             Requested size: 562.12285pt x 795.00201pt.
File: parts/title.pdf Graphic file (type pdf)
<use parts/title.pdf, page 1>
Package pdftex.def Info: parts/title.pdf , page1 used on input line 4.
(pdftex.def)             Requested size: 562.12285pt x 795.00201pt.
File: parts/title.pdf Graphic file (type pdf)
<use parts/title.pdf, page 1>
Package pdftex.def Info: parts/title.pdf , page1 used on input line 4.
(pdftex.def)             Requested size: 562.12285pt x 795.00201pt.
[1

 <./parts/title.pdf>] (./parts/Annotation.tex
<images/QuantumComputer.jpg, id=260, 1445.4pt x 963.6pt>
File: images/QuantumComputer.jpg Graphic file (type jpg)
<use images/QuantumComputer.jpg>
Package pdftex.def Info: images/QuantumComputer.jpg  used on input line 9.
(pdftex.def)             Requested size: 511.86491pt x 341.23495pt.
LaTeX Font Info:    Trying to load font information for U+msa on input line 10.


(/usr/local/texlive/2021/texmf-dist/tex/latex/amsfonts/umsa.fd
File: umsa.fd 2013/01/14 v3.01 AMS symbols A
)
LaTeX Font Info:    Trying to load font information for U+msb on input line 10.


(/usr/local/texlive/2021/texmf-dist/tex/latex/amsfonts/umsb.fd
File: umsb.fd 2013/01/14 v3.01 AMS symbols B
)
LaTeX Font Info:    Trying to load font information for U+esvect on input line 
10.

(/usr/local/texlive/2021/texmf-dist/tex/latex/esvect/uesvect.fd
File: uesvect.fd 
)
LaTeX Font Info:    Trying to load font information for U+esint on input line 1
0.

(/usr/local/texlive/2021/texmf-dist/tex/latex/esint/uesint.fd
File: uesint.fd 
)
LaTeX Font Info:    Trying to load font information for U+rsfs on input line 10
.

(/usr/local/texlive/2021/texmf-dist/tex/latex/jknapltx/ursfs.fd
File: ursfs.fd 1998/03/24 rsfs font definition file (jk)
) [2{/usr/local/texlive/2021/texmf-var/fonts/map/pdftex/updmap/pdftex.map} <./i
mages/QuantumComputer.jpg>]) (./main.toc [3])
\tf@toc=\write6
\openout6 = `main.toc'.

 [4] (./parts/Chapter_0.tex [5] [6]
Overfull \hbox (0.11694pt too wide) in paragraph at lines 76--77
[]\T2A/cmr/m/n/12  ---- ---- -- 
 --- --- -
 []

[7]) (./parts/Chapter_1.tex

Package hyperref Warning: Token not allowed in a PDF string (Unicode):
(hyperref)                removing `math shift' on input line 1.


Package hyperref Warning: Token not allowed in a PDF string (Unicode):
(hyperref)                removing `superscript' on input line 1.


Package hyperref Warning: Token not allowed in a PDF string (Unicode):
(hyperref)                removing `math shift' on input line 1.

<images/Array49.png, id=420, 165.61874pt x 161.60374pt>
File: images/Array49.png Graphic file (type png)
<use images/Array49.png>
Package pdftex.def Info: images/Array49.png  used on input line 15.
(pdftex.def)             Requested size: 255.93245pt x 249.74098pt.

Overfull \hbox (18.07137pt too wide) in paragraph at lines 22--23
\T2A/cmr/m/n/12 --- --- --- $[][]$, $[] \OT1/cmr/m
/n/12 = [] \OML/cmm/m/it/12 ;  [] \OT1/cmr/m/n/12 = []$\T2A/cmr/m/n/12 ,
 []

[8 <./images/Array49.png>]
<images/initialization_scheme.pdf, id=433, 760.99927pt x 469.57237pt>
File: images/initialization_scheme.pdf Graphic file (type pdf)
<use images/initialization_scheme.pdf>
Package pdftex.def Info: images/initialization_scheme.pdf  used on input line 2
6.
(pdftex.def)             Requested size: 460.6753pt x 284.2677pt.

Underfull \hbox (badness 2635) in paragraph at lines 27--27
[]\T2A/cmr/bx/n/12 . 3: |[]\T2A/cmr/m/n/12   - $[]$  
-  - -,   --
 []

[9 <./images/initialization_scheme.pdf>]
Overfull \hbox (0.93478pt too wide) in paragraph at lines 71--72
[]$\T2A/cmr/m/n/12 , $[] \OT1/cmr/m/n/12 = []$ \T2A/cmr/m/n/12  -- $\O
T1/cmr/m/n/12 6\OML/cmm/m/it/12 :\OT1/cmr/m/n/12 8[]$\T2A/cmr/m/n/12 .   
-
 []

<images/shf_gates.pdf, id=482, 488.534pt x 211.61641pt>
File: images/shf_gates.pdf Graphic file (type pdf)
<use images/shf_gates.pdf>
Package pdftex.def Info: images/shf_gates.pdf  used on input line 75.
(pdftex.def)             Requested size: 409.49348pt x 177.37875pt.
[10]
<images/atom_scheme_raman.pdf, id=503, 430.58376pt x 227.79202pt>
File: images/atom_scheme_raman.pdf Graphic file (type pdf)
<use images/atom_scheme_raman.pdf>
Package pdftex.def Info: images/atom_scheme_raman.pdf  used on input line 91.
(pdftex.def)             Requested size: 460.6753pt x 243.72113pt.
 [11 <./images/shf_gates.pdf>]
<images/pulse_scheme_raman.pdf, id=535, 355.484pt x 248.62756pt>
File: images/pulse_scheme_raman.pdf Graphic file (type pdf)
<use images/pulse_scheme_raman.pdf>
Package pdftex.def Info: images/pulse_scheme_raman.pdf  used on input line 98.
(pdftex.def)             Requested size: 307.12207pt x 214.8095pt.
 [12 <./images/atom_scheme_raman.pdf> <./images/pulse_scheme_raman.pdf>]
<images/rydberg_blockade_scheme.pdf, id=655, 562.5267pt x 304.20229pt>
File: images/rydberg_blockade_scheme.pdf Graphic file (type pdf)
<use images/rydberg_blockade_scheme.pdf>
Package pdftex.def Info: images/rydberg_blockade_scheme.pdf  used on input line
 109.
(pdftex.def)             Requested size: 383.89868pt x 207.61142pt.
 [13 <./images/rydberg_blockade_scheme.pdf>]

pdfTeX warning: pdflatex (file ./images/Main_setup_vs_Raman_EN.pdf): PDF inclus
ion: found PDF version <1.7>, but at most version <1.5> allowed
<images/Main_setup_vs_Raman_EN.pdf, id=688, 853.58266pt x 426.79138pt>
File: images/Main_setup_vs_Raman_EN.pdf Graphic file (type pdf)
<use images/Main_setup_vs_Raman_EN.pdf>
Package pdftex.def Info: images/Main_setup_vs_Raman_EN.pdf  used on input line 
126.
(pdftex.def)             Requested size: 511.86491pt x 255.93353pt.
[14 <./images/Main_setup_vs_Raman_EN.pdf>] [15]) (./parts/Chapter_3.tex
Overfull \hbox (3.2574pt too wide) in paragraph at lines 1--1
[]\T2A/cmr/bx/n/17.28   ---- ---- --
-
 []

<images/raman_scheme.pdf, id=831, 182.71683pt x 173.93994pt>
File: images/raman_scheme.pdf Graphic file (type pdf)
<use images/raman_scheme.pdf>
Package pdftex.def Info: images/raman_scheme.pdf  used on input line 24.
(pdftex.def)             Requested size: 255.93245pt x 243.65489pt.
[16 <./images/raman_scheme.pdf>] [17] [18] [19]
Overfull \hbox (5.33376pt too wide) in paragraph at lines 189--190
\T2A/cmr/m/n/12 -- ---- -  --- --, -
-,  -- --- -
 []


Overfull \hbox (14.41472pt too wide) in paragraph at lines 196--197
[]\T2A/cmr/m/n/12  -- $\OML/cmm/m/it/12 a \OT1/cmr/m/n/12 = []
[]$\T2A/cmr/m/n/12 .  --- ---- $\OML/cmm/m/it/12 a 
\OT1/cmr/m/n/12 = []$\T2A/cmr/m/n/12 . 
 []

<images/mcmc.pdf, id=899, 578.16pt x 578.16pt>
File: images/mcmc.pdf Graphic file (type pdf)
<use images/mcmc.pdf>
Package pdftex.def Info: images/mcmc.pdf  used on input line 214.
(pdftex.def)             Requested size: 307.12207pt x 307.12027pt.
[20] [21 <./images/mcmc.pdf>]
<images/simple_Omega.pdf, id=978, 505.89pt x 289.08pt>
File: images/simple_Omega.pdf Graphic file (type pdf)
<use images/simple_Omega.pdf>
Package pdftex.def Info: images/simple_Omega.pdf  used on input line 247.
(pdftex.def)             Requested size: 245.69296pt x 140.3977pt.
<images/simple_Omega_total.pdf, id=979, 505.89pt x 289.08pt>
File: images/simple_Omega_total.pdf Graphic file (type pdf)
<use images/simple_Omega_total.pdf>
Package pdftex.def Info: images/simple_Omega_total.pdf  used on input line 248.

(pdftex.def)             Requested size: 245.69296pt x 140.3977pt.
<images/rabi_sample.pdf, id=981, 505.89pt x 216.81pt>
File: images/rabi_sample.pdf Graphic file (type pdf)
<use images/rabi_sample.pdf>
Package pdftex.def Info: images/rabi_sample.pdf  used on input line 259.
(pdftex.def)             Requested size: 332.70906pt x 142.59218pt.
 [22 <./images/simple_Omega.pdf> <./images/simple_Omega_total.pdf

pdfTeX warning: pdflatex (file ./images/simple_Omega_total.pdf): PDF inclusion:
 multiple pdfs with page group included in a single page
>]
<images/non_monochromatic.pdf, id=1088, 433.62pt x 216.81pt>
File: images/non_monochromatic.pdf Graphic file (type pdf)
<use images/non_monochromatic.pdf>
Package pdftex.def Info: images/non_monochromatic.pdf  used on input line 268.
(pdftex.def)             Requested size: 383.89868pt x 191.95789pt.
 [23 <./images/rabi_sample.pdf> <./images/non_monochromatic.pdf>] [24]
<images/Stark_measure_drawing.pdf, id=1187, 433.62pt x 216.81pt>
File: images/Stark_measure_drawing.pdf Graphic file (type pdf)
<use images/Stark_measure_drawing.pdf>
Package pdftex.def Info: images/Stark_measure_drawing.pdf  used on input line 3
31.
(pdftex.def)             Requested size: 307.12207pt x 153.56895pt.

[25]
<images/measurement.pdf, id=1202, 430.5439pt x 356.40572pt>
File: images/measurement.pdf Graphic file (type pdf)
<use images/measurement.pdf>
Package pdftex.def Info: images/measurement.pdf  used on input line 340.
(pdftex.def)             Requested size: 358.30386pt x 296.61064pt.
<images/trap_depth.pdf, id=1204, 433.62pt x 216.81pt>
File: images/trap_depth.pdf Graphic file (type pdf)
<use images/trap_depth.pdf>
Package pdftex.def Info: images/trap_depth.pdf  used on input line 349.
(pdftex.def)             Requested size: 307.12207pt x 153.56895pt.
 [26 <./images/Stark_measure_drawing.pdf> <./images/measurement.pdf>]
<images/parametric_heating.pdf, id=1290, 312.52348pt x 227.13818pt>
File: images/parametric_heating.pdf Graphic file (type pdf)
<use images/parametric_heating.pdf>
Package pdftex.def Info: images/parametric_heating.pdf  used on input line 361.

(pdftex.def)             Requested size: 358.30386pt x 260.42705pt.

[27 <./images/trap_depth.pdf> <./images/parametric_heating.pdf>]
<images/oscillation_frequencies.pdf, id=1365, 433.62pt x 216.81pt>
File: images/oscillation_frequencies.pdf Graphic file (type pdf)
<use images/oscillation_frequencies.pdf>
Package pdftex.def Info: images/oscillation_frequencies.pdf  used on input line
 370.
(pdftex.def)             Requested size: 358.30386pt x 179.16158pt.
<images/parametric_test.pdf, id=1371, 845.1575pt x 425.4445pt>
File: images/parametric_test.pdf Graphic file (type pdf)
<use images/parametric_test.pdf>
Package pdftex.def Info: images/parametric_test.pdf  used on input line 386.
(pdftex.def)             Requested size: 409.49348pt x 206.13908pt.
 [28 <./images/oscillation_frequencies.pdf>]
<images/temperature.pdf, id=1433, 578.16pt x 289.08pt>
File: images/temperature.pdf Graphic file (type pdf)
<use images/temperature.pdf>
Package pdftex.def Info: images/temperature.pdf  used on input line 400.
(pdftex.def)             Requested size: 307.12207pt x 153.56013pt.
 [29 <./images/parametric_test.pdf> <./images/temperature.pdf>]
<images/raman_ICQT_res.pdf, id=1522, 845.1575pt x 187.34924pt>
File: images/raman_ICQT_res.pdf Graphic file (type pdf)
<use images/raman_ICQT_res.pdf>
Package pdftex.def Info: images/raman_ICQT_res.pdf  used on input line 426.
(pdftex.def)             Requested size: 511.86491pt x 113.47098pt.
 [30 <./images/raman_ICQT_res.pdf>] [31] [32] [33]
<images/fidelity_BB1.pdf, id=1693, 379.4175pt x 174.6525pt>
File: images/fidelity_BB1.pdf Graphic file (type pdf)
<use images/fidelity_BB1.pdf>
Package pdftex.def Info: images/fidelity_BB1.pdf  used on input line 595.
(pdftex.def)             Requested size: 245.69296pt x 113.09904pt.
<images/infidelity_BB1.pdf, id=1694, 379.4175pt x 184.69pt>
File: images/infidelity_BB1.pdf Graphic file (type pdf)
<use images/infidelity_BB1.pdf>
Package pdftex.def Info: images/infidelity_BB1.pdf  used on input line 596.
(pdftex.def)             Requested size: 245.69296pt x 119.59897pt.
<images/BB1_Paths.pdf, id=1695, 901.3675pt x 323.2075pt>
File: images/BB1_Paths.pdf Graphic file (type pdf)
<use images/BB1_Paths.pdf>
Package pdftex.def Info: images/BB1_Paths.pdf  used on input line 603.
(pdftex.def)             Requested size: 511.86491pt x 183.54468pt.
 [34 <./images/fidelity_BB1.pdf> <./images/infidelity_BB1.pdf

pdfTeX warning: pdflatex (file ./images/infidelity_BB1.pdf): PDF inclusion: mul
tiple pdfs with page group included in a single page
> <./images/BB1_Paths.pdf

pdfTeX warning: pdflatex (file ./images/BB1_Paths.pdf): PDF inclusion: multiple
 pdfs with page group included in a single page
>]
<images/BB1_Omega.pdf, id=1770, 505.89pt x 289.08pt>
File: images/BB1_Omega.pdf Graphic file (type pdf)
<use images/BB1_Omega.pdf>
Package pdftex.def Info: images/BB1_Omega.pdf  used on input line 624.
(pdftex.def)             Requested size: 245.69296pt x 140.3977pt.
<images/BB1_Omega_total.pdf, id=1771, 505.89pt x 289.08pt>
File: images/BB1_Omega_total.pdf Graphic file (type pdf)
<use images/BB1_Omega_total.pdf>
Package pdftex.def Info: images/BB1_Omega_total.pdf  used on input line 625.
(pdftex.def)             Requested size: 245.69296pt x 140.3977pt.
 [35]
<images/pulse_offset_contor.pdf, id=1783, 316.18124pt x 266.9975pt>
File: images/pulse_offset_contor.pdf Graphic file (type pdf)
<use images/pulse_offset_contor.pdf>
Package pdftex.def Info: images/pulse_offset_contor.pdf  used on input line 634
.
(pdftex.def)             Requested size: 204.74283pt x 172.89853pt.
<images/BB1_offset_contor.pdf, id=1784, 316.18124pt x 266.9975pt>
File: images/BB1_offset_contor.pdf Graphic file (type pdf)
<use images/BB1_offset_contor.pdf>
Package pdftex.def Info: images/BB1_offset_contor.pdf  used on input line 636.
(pdftex.def)             Requested size: 204.74283pt x 172.89853pt.
<images/BB1_offset.pdf, id=1785, 348.30125pt x 177.66376pt>
File: images/BB1_offset.pdf Graphic file (type pdf)
<use images/BB1_offset.pdf>
Package pdftex.def Info: images/BB1_offset.pdf  used on input line 644.
(pdftex.def)             Requested size: 255.93245pt x 130.5474pt.
 [36 <./images/BB1_Omega.pdf> <./images/BB1_Omega_total.pdf

pdfTeX warning: pdflatex (file ./images/BB1_Omega_total.pdf): PDF inclusion: mu
ltiple pdfs with page group included in a single page
> <./images/pulse_offset_contor.pdf

pdfTeX warning: pdflatex (file ./images/pulse_offset_contor.pdf): PDF inclusion
: multiple pdfs with page group included in a single page
> <./images/BB1_offset_contor.pdf

pdfTeX warning: pdflatex (file ./images/BB1_offset_contor.pdf): PDF inclusion: 
multiple pdfs with page group included in a single page
> <./images/BB1_offset.pdf

pdfTeX warning: pdflatex (file ./images/BB1_offset.pdf): PDF inclusion: multipl
e pdfs with page group included in a single page
>]
<images/IQ_modulation.pdf, id=1952, 384.05742pt x 198.41658pt>
File: images/IQ_modulation.pdf Graphic file (type pdf)
<use images/IQ_modulation.pdf>
Package pdftex.def Info: images/IQ_modulation.pdf  used on input line 656.
(pdftex.def)             Requested size: 358.30386pt x 185.12193pt.
<images/omega_scan.pdf, id=1954, 433.62pt x 289.08pt>
File: images/omega_scan.pdf Graphic file (type pdf)
<use images/omega_scan.pdf>
Package pdftex.def Info: images/omega_scan.pdf  used on input line 665.
(pdftex.def)             Requested size: 358.30386pt x 238.8821pt.
 [37 <./images/IQ_modulation.pdf>]
<images/theta_scan.pdf, id=1982, 578.16pt x 289.08pt>
File: images/theta_scan.pdf Graphic file (type pdf)
<use images/theta_scan.pdf>
Package pdftex.def Info: images/theta_scan.pdf  used on input line 674.
(pdftex.def)             Requested size: 358.30386pt x 179.14835pt.

Overfull \hbox (8.0258pt too wide) in paragraph at lines 679--680
[]\T2A/cmr/m/n/12  - - --- ---- ---
  -- --- $\OML/cmm/m/it/12 ^^Y$\T2A/cmr/m/n/12 -

 []

<images/delta_scan.pdf, id=1984, 578.16pt x 433.62pt>
File: images/delta_scan.pdf Graphic file (type pdf)
<use images/delta_scan.pdf>
Package pdftex.def Info: images/delta_scan.pdf  used on input line 683.
(pdftex.def)             Requested size: 245.69296pt x 184.26952pt.
<images/delta_scan_offset.pdf, id=1985, 578.16pt x 433.62pt>
File: images/delta_scan_offset.pdf Graphic file (type pdf)
<use images/delta_scan_offset.pdf>
Package pdftex.def Info: images/delta_scan_offset.pdf  used on input line 684.
(pdftex.def)             Requested size: 245.69296pt x 184.26952pt.
[38 <./images/omega_scan.pdf> <./images/theta_scan.pdf>] [39 <./images/delta_sc
an.pdf> <./images/delta_scan_offset.pdf>] [40]) (./parts/Chapter_4.tex
Overfull \hbox (3.77531pt too wide) in paragraph at lines 1--1
[]\T2A/cmr/bx/n/17.28   ---- --- ---

 []

[41] [42]
<images/LP_total.pdf, id=2201, 737.58269pt x 362.89407pt>
File: images/LP_total.pdf Graphic file (type pdf)
<use images/LP_total.pdf>
Package pdftex.def Info: images/LP_total.pdf  used on input line 101.
(pdftex.def)             Requested size: 511.86491pt x 251.8424pt.
 [43]
<images/CascadeScheme.pdf, id=2220, 94.3525pt x 192.72pt>
File: images/CascadeScheme.pdf Graphic file (type pdf)
<use images/CascadeScheme.pdf>
Package pdftex.def Info: images/CascadeScheme.pdf  used on input line 119.
(pdftex.def)             Requested size: 102.37141pt x 209.09901pt.
 [44 <./images/LP_total.pdf>]
Overfull \hbox (0.63248pt too wide) in paragraph at lines 131--132
[]\T2A/cmr/m/n/12  $\OT1/cmr/m/n/12 
[]\OML/cmm/m/it/12 e[];  \OT1/cmr/m/n/12 
[]\OML/cmm/m/it/12 e[]$ \T2A/cmr/m/n/12 - ---- -- --
 (red rydberg)  -- -- (blue rydberg),
 []

[45 <./images/CascadeScheme.pdf>] [46]
<images/phase_trajectories.pdf, id=2291, 867.24pt x 289.08pt>
File: images/phase_trajectories.pdf Graphic file (type pdf)
<use images/phase_trajectories.pdf>
Package pdftex.def Info: images/phase_trajectories.pdf  used on input line 186.

(pdftex.def)             Requested size: 511.86491pt x 170.62187pt.
<images/phase_spectrum.pdf, id=2296, 722.7pt x 289.08pt>
File: images/phase_spectrum.pdf Graphic file (type pdf)
<use images/phase_spectrum.pdf>
Package pdftex.def Info: images/phase_spectrum.pdf  used on input line 193.
(pdftex.def)             Requested size: 409.49348pt x 163.79807pt.
<images/noise_errors.pdf, id=2300, 722.7pt x 722.7pt>
File: images/noise_errors.pdf Graphic file (type pdf)
<use images/noise_errors.pdf>
Package pdftex.def Info: images/noise_errors.pdf  used on input line 224.
(pdftex.def)             Requested size: 409.49348pt x 409.49516pt.
 [47 <./images/phase_trajectories.pdf>]
[48 <./images/phase_spectrum.pdf> <./images/noise_errors.pdf>]
<images/ModelScheme.pdf, id=2466, 163.61125pt x 192.72pt>
File: images/ModelScheme.pdf Graphic file (type pdf)
<use images/ModelScheme.pdf>
Package pdftex.def Info: images/ModelScheme.pdf  used on input line 237.
(pdftex.def)             Requested size: 179.15584pt x 211.03104pt.
<images/AtomScheme.pdf, id=2467, 362.35374pt x 324.21124pt>
File: images/AtomScheme.pdf Graphic file (type pdf)
<use images/AtomScheme.pdf>
Package pdftex.def Info: images/AtomScheme.pdf  used on input line 239.
(pdftex.def)             Requested size: 255.93245pt x 228.9944pt.
 [49 <./images/ModelScheme.pdf> <./images/AtomScheme.pdf>] [50] [51]
<images/laser_spectrums.pdf, id=2520, 722.7pt x 216.81pt>
File: images/laser_spectrums.pdf Graphic file (type pdf)
<use images/laser_spectrums.pdf>
Package pdftex.def Info: images/laser_spectrums.pdf  used on input line 338.
(pdftex.def)             Requested size: 486.2701pt x 145.88058pt.
<images/heterodyne_measurement.pdf, id=2522, 597.37448pt x 448.97014pt>
File: images/heterodyne_measurement.pdf Graphic file (type pdf)
<use images/heterodyne_measurement.pdf>
Package pdftex.def Info: images/heterodyne_measurement.pdf  used on input line 
347.
(pdftex.def)             Requested size: 511.86491pt x 384.7161pt.
 [52 <./images/laser_spectrums.pdf>]
<images/laser_spectrums_wide.pdf, id=2582, 722.7pt x 216.81pt>
File: images/laser_spectrums_wide.pdf Graphic file (type pdf)
<use images/laser_spectrums_wide.pdf>
Package pdftex.def Info: images/laser_spectrums_wide.pdf  used on input line 35
6.
(pdftex.def)             Requested size: 511.86491pt x 153.55902pt.
 [53 <./images/heterodyne_measurement.pdf>]
<images/rr_antitrap.pdf, id=2605, 578.16pt x 289.08pt>
File: images/rr_antitrap.pdf Graphic file (type pdf)
<use images/rr_antitrap.pdf>
Package pdftex.def Info: images/rr_antitrap.pdf  used on input line 367.
(pdftex.def)             Requested size: 409.49348pt x 204.74538pt.
 [54 <./images/laser_spectrums_wide.pdf> <./images/rr_antitrap.pdf>]
<images/rydberg_model.png, id=2718, 361.35pt x 180.675pt>
File: images/rydberg_model.png Graphic file (type png)
<use images/rydberg_model.png>
Package pdftex.def Info: images/rydberg_model.png  used on input line 381.
(pdftex.def)             Requested size: 358.30386pt x 179.15274pt.
<images/rydberg_optimal.png, id=2720, 578.16pt x 361.35pt>
File: images/rydberg_optimal.png Graphic file (type png)
<use images/rydberg_optimal.png>
Package pdftex.def Info: images/rydberg_optimal.png  used on input line 388.
(pdftex.def)             Requested size: 409.49348pt x 255.93173pt.
 [55 <./images/rydberg_model.png> <./images/rydberg_optimal.png>]
<images/flattop_scan.pdf, id=2737, 578.16pt x 216.81pt>
File: images/flattop_scan.pdf Graphic file (type pdf)
<use images/flattop_scan.pdf>
Package pdftex.def Info: images/flattop_scan.pdf  used on input line 401.
(pdftex.def)             Requested size: 460.6753pt x 172.7535pt.
<images/rydberg_flattop_comp.pdf, id=2740, 722.7pt x 216.81pt>
File: images/rydberg_flattop_comp.pdf Graphic file (type pdf)
<use images/rydberg_flattop_comp.pdf>
Package pdftex.def Info: images/rydberg_flattop_comp.pdf  used on input line 41
3.
(pdftex.def)             Requested size: 511.86491pt x 153.55902pt.
 [56 <./images/flattop_scan.pdf>] [57 <./images/rydberg_flattop_comp.pdf>]) (./
parts/Chapter_5.tex [58]))
Overfull \hbox (4.82582pt too wide) in paragraph at lines 9--9
[]\T2A/cmr/m/n/12 S. Wimperis,   Broadband and narrowband composite excitation
 sequences, [][]Journal of Magnetic
 []

LaTeX Font Info:    Trying to load font information for T2A+cmtt on input line 
29.
(/usr/local/texlive/2021/texmf-dist/tex/latex/cyrillic/t2acmtt.fd
File: t2acmtt.fd 2001/08/11 v1.0a Computer Modern Cyrillic font definitions
)
Overfull \hbox (12.8053pt too wide) in paragraph at lines 9--9
[]\T2A/cmr/m/n/12 M.[]T. Nguyen, J.[]G. Liu, J. Wurtz, M. D. Lukin, S.[]T. Wang
  H. Pichler,   Quantum Optimization
 []

[59]
Overfull \hbox (8.09616pt too wide) in paragraph at lines 9--9
[]\T2A/cmr/m/n/12 D. Perez-Garcia, F. Verstraete, M. M. Wolf  J. I. Cirac,   
Matrix Product State Representations,
 []


! Package inputenc Error: Unicode character  (U+0301)
(inputenc)                not set up for use with LaTeX.

See the inputenc package documentation for explanation.
Type  H <return>  for immediate help.
 ...                                              
                                                  
l.9 \input{settings/inputs}
                           
You may provide a definition with
\DeclareUnicodeCharacter 


Overfull \hbox (1.94275pt too wide) in paragraph at lines 9--9
\T2A/cmr/m/n/12 Antonoglou, V. Panneershelvam, M. Lanctot, S. Dieleman, D. Grew
e, J. Nham, N. Kalchbrenner,
 []

[60]
Overfull \hbox (1.09889pt too wide) in paragraph at lines 9--9
\T2A/cmr/m/n/12 J. R. Williams  M. Endres,   High-fidelity entanglement and d
etection of alkaline-earth Rydberg
 []

[61]
Overfull \hbox (4.67822pt too wide) in paragraph at lines 9--9
[]\T2A/cmr/m/n/12 S. Kr^^Damer, D. Plankensteiner, L. Ostermann  H. Ritsch,  
 QuantumOptics. jl: A Julia framework
 []

[62]
Overfull \hbox (24.37468pt too wide) in paragraph at lines 9--9
[]\T2A/cmr/m/n/12 I. I. Beterov  M. Saffman,   Rydberg blockade, F^^Dorster r
esonances, and quantum state measurements
 []

[63] (./main.aux)

LaTeX Warning: There were multiply-defined labels.

Package rerunfilecheck Info: File `main.out' has not changed.
(rerunfilecheck)             Checksum: 536166F3242C6A5AE9CF090AB9DAB3F2;14564.
Package logreq Info: Writing requests to 'main.run.xml'.
\openout1 = `main.run.xml'.

 ) 
Here is how much of TeX's memory you used:
 34127 strings out of 478994
 625070 string characters out of 5858184
 1390305 words of memory out of 5000000
 50553 multiletter control sequences out of 15000+600000
 425521 words of font info for 98 fonts, out of 8000000 for 9000
 1141 hyphenation exceptions out of 8191
 97i,17n,94p,3509b,2094s stack positions out of 5000i,500n,10000p,200000b,80000s
{/usr/local/texlive/2021/texmf-dist/fonts/enc/dvips/cm-super/cm-super-t2a.enc
}{/usr/local/texlive/2021/texmf-dist/fonts/enc/dvips/cm-super/cm-super-ts1.enc}
</usr/local/texlive/2021/texmf-dist/fonts/type1/public/stix/STIXGeneral-Italic.
pfb></usr/local/texlive/2021/texmf-dist/fonts/type1/public/stix/STIXGeneral-Reg
ular.pfb></usr/local/texlive/2021/texmf-dist/fonts/type1/public/amsfonts/cm/cme
x10.pfb></usr/local/texlive/2021/texmf-dist/fonts/type1/public/amsfonts/cm/cmmi
10.pfb></usr/local/texlive/2021/texmf-dist/fonts/type1/public/amsfonts/cm/cmmi1
2.pfb></usr/local/texlive/2021/texmf-dist/fonts/type1/public/amsfonts/cm/cmmi6.
pfb></usr/local/texlive/2021/texmf-dist/fonts/type1/public/amsfonts/cm/cmmi7.pf
b></usr/local/texlive/2021/texmf-dist/fonts/type1/public/amsfonts/cm/cmmi8.pfb>
</usr/local/texlive/2021/texmf-dist/fonts/type1/public/amsfonts/cm/cmr10.pfb></
usr/local/texlive/2021/texmf-dist/fonts/type1/public/amsfonts/cm/cmr12.pfb></us
r/local/texlive/2021/texmf-dist/fonts/type1/public/amsfonts/cm/cmr6.pfb></usr/l
ocal/texlive/2021/texmf-dist/fonts/type1/public/amsfonts/cm/cmr8.pfb></usr/loca
l/texlive/2021/texmf-dist/fonts/type1/public/amsfonts/cm/cmsy10.pfb></usr/local
/texlive/2021/texmf-dist/fonts/type1/public/amsfonts/cm/cmsy6.pfb></usr/local/t
exlive/2021/texmf-dist/fonts/type1/public/amsfonts/cm/cmsy8.pfb></usr/local/tex
live/2021/texmf-dist/fonts/type1/public/esint-type1/esint10.pfb></usr/local/tex
live/2021/texmf-dist/fonts/type1/public/amsfonts/symbols/msbm10.pfb></usr/local
/texlive/2021/texmf-dist/fonts/type1/public/cm-super/sfbx1200.pfb></usr/local/t
exlive/2021/texmf-dist/fonts/type1/public/cm-super/sfbx1440.pfb></usr/local/tex
live/2021/texmf-dist/fonts/type1/public/cm-super/sfbx1728.pfb></usr/local/texli
ve/2021/texmf-dist/fonts/type1/public/cm-super/sfrm0700.pfb></usr/local/texlive
/2021/texmf-dist/fonts/type1/public/cm-super/sfrm0800.pfb></usr/local/texlive/2
021/texmf-dist/fonts/type1/public/cm-super/sfrm1000.pfb></usr/local/texlive/202
1/texmf-dist/fonts/type1/public/cm-super/sfrm1200.pfb></usr/local/texlive/2021/
texmf-dist/fonts/type1/public/cm-super/sftt1200.pfb>
Output written on main.pdf (63 pages, 28408381 bytes).
PDF statistics:
 3152 PDF objects out of 3580 (max. 8388607)
 1860 compressed objects within 19 object streams
 354 named destinations out of 1000 (max. 500000)
 667 words of extra memory for PDF output out of 10000 (max. 10000000)

